2024-04-01 21:57:06.938 [background-preinit] INFO  org.hibernate.validator.internal.util.Version - HV000001: Hibernate Validator 8.0.1.Final
2024-04-01 21:57:06.970 [restartedMain] INFO  c.phoenixhell.authbackend.AuthBackendApplication - Starting AuthBackendApplication using Java 19.0.1 with PID 9784 (D:\code\auth-backend\target\classes started by phoen in D:\code\auth-backend)
2024-04-01 21:57:06.971 [restartedMain] INFO  c.phoenixhell.authbackend.AuthBackendApplication - The following 1 profile is active: "dev"
2024-04-01 21:57:07.007 [restartedMain] INFO  o.s.b.d.env.DevToolsPropertyDefaultsPostProcessor - Devtools property defaults active! Set 'spring.devtools.add-properties' to 'false' to disable
2024-04-01 21:57:07.007 [restartedMain] INFO  o.s.b.d.env.DevToolsPropertyDefaultsPostProcessor - For additional web related logging consider setting the 'logging.level.web' property to 'DEBUG'
2024-04-01 21:57:07.922 [restartedMain] INFO  o.s.d.r.config.RepositoryConfigurationDelegate - Multiple Spring Data modules found, entering strict repository configuration mode
2024-04-01 21:57:07.924 [restartedMain] INFO  o.s.d.r.config.RepositoryConfigurationDelegate - Bootstrapping Spring Data Redis repositories in DEFAULT mode.
2024-04-01 21:57:07.949 [restartedMain] INFO  o.s.d.r.config.RepositoryConfigurationDelegate - Finished Spring Data repository scanning in 13 ms. Found 0 Redis repository interfaces.
2024-04-01 21:57:08.351 [restartedMain] INFO  o.s.boot.web.embedded.tomcat.TomcatWebServer - Tomcat initialized with port 8080 (http)
2024-04-01 21:57:08.359 [restartedMain] INFO  org.apache.coyote.http11.Http11NioProtocol - Initializing ProtocolHandler ["http-nio-8080"]
2024-04-01 21:57:08.360 [restartedMain] INFO  org.apache.catalina.core.StandardService - Starting service [Tomcat]
2024-04-01 21:57:08.361 [restartedMain] INFO  org.apache.catalina.core.StandardEngine - Starting Servlet engine: [Apache Tomcat/10.1.19]
2024-04-01 21:57:08.397 [restartedMain] INFO  o.a.c.core.ContainerBase.[Tomcat].[localhost].[/] - Initializing Spring embedded WebApplicationContext
2024-04-01 21:57:08.397 [restartedMain] INFO  o.s.b.w.s.c.ServletWebServerApplicationContext - Root WebApplicationContext: initialization completed in 1389 ms
2024-04-01 21:57:09.031 [restartedMain] INFO  o.s.security.web.DefaultSecurityFilterChain - Will secure any request with [org.springframework.security.web.session.DisableEncodeUrlFilter@17a22ac9, org.springframework.security.web.context.request.async.WebAsyncManagerIntegrationFilter@520c8a63, org.springframework.security.web.context.SecurityContextHolderFilter@3b1157a3, org.springframework.security.web.header.HeaderWriterFilter@447139ce, org.springframework.security.web.authentication.logout.LogoutFilter@30578919, org.springframework.security.web.savedrequest.RequestCacheAwareFilter@50cc438c, org.springframework.security.web.servletapi.SecurityContextHolderAwareRequestFilter@315e5649, org.springframework.security.web.authentication.AnonymousAuthenticationFilter@72acde41, org.springframework.security.web.session.SessionManagementFilter@6176aa8a, org.springframework.security.web.access.ExceptionTranslationFilter@de3241, org.springframework.security.web.access.intercept.AuthorizationFilter@66146980]
2024-04-01 21:57:09.216 [restartedMain] INFO  o.s.b.d.autoconfigure.OptionalLiveReloadServer - LiveReload server is running on port 35729
2024-04-01 21:57:09.307 [restartedMain] INFO  org.apache.coyote.http11.Http11NioProtocol - Starting ProtocolHandler ["http-nio-8080"]
2024-04-01 21:57:09.320 [restartedMain] INFO  o.s.boot.web.embedded.tomcat.TomcatWebServer - Tomcat started on port 8080 (http) with context path ''
2024-04-01 21:57:09.328 [restartedMain] INFO  c.phoenixhell.authbackend.AuthBackendApplication - Started AuthBackendApplication in 2.836 seconds (process running for 3.622)
2024-04-01 21:59:46.941 [http-nio-8080-exec-2] INFO  o.a.c.core.ContainerBase.[Tomcat].[localhost].[/] - Initializing Spring DispatcherServlet 'dispatcherServlet'
2024-04-01 21:59:46.941 [http-nio-8080-exec-2] INFO  org.springframework.web.servlet.DispatcherServlet - Initializing Servlet 'dispatcherServlet'
2024-04-01 21:59:46.942 [http-nio-8080-exec-2] INFO  org.springframework.web.servlet.DispatcherServlet - Completed initialization in 1 ms
2024-04-01 22:01:02.964 [background-preinit] INFO  org.hibernate.validator.internal.util.Version - HV000001: Hibernate Validator 8.0.1.Final
2024-04-01 22:01:02.985 [restartedMain] INFO  c.phoenixhell.authbackend.AuthBackendApplication - Starting AuthBackendApplication using Java 19.0.1 with PID 2124 (D:\code\auth-backend\target\classes started by phoen in D:\code\auth-backend)
2024-04-01 22:01:02.985 [restartedMain] INFO  c.phoenixhell.authbackend.AuthBackendApplication - The following 1 profile is active: "dev"
2024-04-01 22:01:03.016 [restartedMain] INFO  o.s.b.d.env.DevToolsPropertyDefaultsPostProcessor - Devtools property defaults active! Set 'spring.devtools.add-properties' to 'false' to disable
2024-04-01 22:01:03.017 [restartedMain] INFO  o.s.b.d.env.DevToolsPropertyDefaultsPostProcessor - For additional web related logging consider setting the 'logging.level.web' property to 'DEBUG'
2024-04-01 22:01:03.552 [restartedMain] INFO  o.s.d.r.config.RepositoryConfigurationDelegate - Multiple Spring Data modules found, entering strict repository configuration mode
2024-04-01 22:01:03.553 [restartedMain] INFO  o.s.d.r.config.RepositoryConfigurationDelegate - Bootstrapping Spring Data Redis repositories in DEFAULT mode.
2024-04-01 22:01:03.577 [restartedMain] INFO  o.s.d.r.config.RepositoryConfigurationDelegate - Finished Spring Data repository scanning in 12 ms. Found 0 Redis repository interfaces.
2024-04-01 22:01:03.970 [restartedMain] INFO  o.s.boot.web.embedded.tomcat.TomcatWebServer - Tomcat initialized with port 8080 (http)
2024-04-01 22:01:03.978 [restartedMain] INFO  org.apache.coyote.http11.Http11NioProtocol - Initializing ProtocolHandler ["http-nio-8080"]
2024-04-01 22:01:03.979 [restartedMain] INFO  org.apache.catalina.core.StandardService - Starting service [Tomcat]
2024-04-01 22:01:03.979 [restartedMain] INFO  org.apache.catalina.core.StandardEngine - Starting Servlet engine: [Apache Tomcat/10.1.19]
2024-04-01 22:01:04.016 [restartedMain] INFO  o.a.c.core.ContainerBase.[Tomcat].[localhost].[/] - Initializing Spring embedded WebApplicationContext
2024-04-01 22:01:04.017 [restartedMain] INFO  o.s.b.w.s.c.ServletWebServerApplicationContext - Root WebApplicationContext: initialization completed in 1000 ms
2024-04-01 22:01:04.734 [restartedMain] INFO  o.s.security.web.DefaultSecurityFilterChain - Will secure any request with [org.springframework.security.web.session.DisableEncodeUrlFilter@4424951b, org.springframework.security.web.context.request.async.WebAsyncManagerIntegrationFilter@6939f7d9, org.springframework.security.web.context.SecurityContextHolderFilter@1fcacc42, org.springframework.security.web.header.HeaderWriterFilter@4e76a5a9, org.springframework.security.web.authentication.logout.LogoutFilter@344a956f, org.springframework.security.web.savedrequest.RequestCacheAwareFilter@1b0fc0ec, org.springframework.security.web.servletapi.SecurityContextHolderAwareRequestFilter@5ca70a4, org.springframework.security.web.authentication.AnonymousAuthenticationFilter@66a41094, org.springframework.security.web.session.SessionManagementFilter@31e093c0, org.springframework.security.web.access.ExceptionTranslationFilter@52301fd1, org.springframework.security.web.access.intercept.AuthorizationFilter@3a34b861]
2024-04-01 22:01:04.941 [restartedMain] INFO  o.s.b.d.autoconfigure.OptionalLiveReloadServer - LiveReload server is running on port 35729
2024-04-01 22:01:05.008 [restartedMain] INFO  org.apache.coyote.http11.Http11NioProtocol - Starting ProtocolHandler ["http-nio-8080"]
2024-04-01 22:01:05.022 [restartedMain] INFO  o.s.boot.web.embedded.tomcat.TomcatWebServer - Tomcat started on port 8080 (http) with context path ''
2024-04-01 22:01:05.030 [restartedMain] INFO  c.phoenixhell.authbackend.AuthBackendApplication - Started AuthBackendApplication in 2.437 seconds (process running for 3.637)
2024-04-01 22:01:27.113 [http-nio-8080-exec-1] INFO  o.a.c.core.ContainerBase.[Tomcat].[localhost].[/] - Initializing Spring DispatcherServlet 'dispatcherServlet'
2024-04-01 22:01:27.114 [http-nio-8080-exec-1] INFO  org.springframework.web.servlet.DispatcherServlet - Initializing Servlet 'dispatcherServlet'
2024-04-01 22:01:27.115 [http-nio-8080-exec-1] INFO  org.springframework.web.servlet.DispatcherServlet - Completed initialization in 1 ms
2024-04-01 22:03:03.508 [background-preinit] INFO  org.hibernate.validator.internal.util.Version - HV000001: Hibernate Validator 8.0.1.Final
2024-04-01 22:03:03.529 [restartedMain] INFO  c.phoenixhell.authbackend.AuthBackendApplication - Starting AuthBackendApplication using Java 19.0.1 with PID 3152 (D:\code\auth-backend\target\classes started by phoen in D:\code\auth-backend)
2024-04-01 22:03:03.529 [restartedMain] INFO  c.phoenixhell.authbackend.AuthBackendApplication - The following 1 profile is active: "dev"
2024-04-01 22:03:03.560 [restartedMain] INFO  o.s.b.d.env.DevToolsPropertyDefaultsPostProcessor - Devtools property defaults active! Set 'spring.devtools.add-properties' to 'false' to disable
2024-04-01 22:03:03.560 [restartedMain] INFO  o.s.b.d.env.DevToolsPropertyDefaultsPostProcessor - For additional web related logging consider setting the 'logging.level.web' property to 'DEBUG'
2024-04-01 22:03:04.065 [restartedMain] INFO  o.s.d.r.config.RepositoryConfigurationDelegate - Multiple Spring Data modules found, entering strict repository configuration mode
2024-04-01 22:03:04.067 [restartedMain] INFO  o.s.d.r.config.RepositoryConfigurationDelegate - Bootstrapping Spring Data Redis repositories in DEFAULT mode.
2024-04-01 22:03:04.089 [restartedMain] INFO  o.s.d.r.config.RepositoryConfigurationDelegate - Finished Spring Data repository scanning in 11 ms. Found 0 Redis repository interfaces.
2024-04-01 22:03:04.455 [restartedMain] INFO  o.s.boot.web.embedded.tomcat.TomcatWebServer - Tomcat initialized with port 8080 (http)
2024-04-01 22:03:04.461 [restartedMain] INFO  org.apache.coyote.http11.Http11NioProtocol - Initializing ProtocolHandler ["http-nio-8080"]
2024-04-01 22:03:04.462 [restartedMain] INFO  org.apache.catalina.core.StandardService - Starting service [Tomcat]
2024-04-01 22:03:04.463 [restartedMain] INFO  org.apache.catalina.core.StandardEngine - Starting Servlet engine: [Apache Tomcat/10.1.19]
2024-04-01 22:03:04.494 [restartedMain] INFO  o.a.c.core.ContainerBase.[Tomcat].[localhost].[/] - Initializing Spring embedded WebApplicationContext
2024-04-01 22:03:04.495 [restartedMain] INFO  o.s.b.w.s.c.ServletWebServerApplicationContext - Root WebApplicationContext: initialization completed in 934 ms
2024-04-01 22:03:05.042 [restartedMain] INFO  o.s.security.web.DefaultSecurityFilterChain - Will secure any request with [org.springframework.security.web.session.DisableEncodeUrlFilter@769fe345, org.springframework.security.web.context.request.async.WebAsyncManagerIntegrationFilter@128a7397, org.springframework.security.web.context.SecurityContextHolderFilter@23baacbd, org.springframework.security.web.header.HeaderWriterFilter@5801d69a, org.springframework.security.web.authentication.logout.LogoutFilter@46b2c298, org.springframework.security.web.savedrequest.RequestCacheAwareFilter@728a31a8, org.springframework.security.web.servletapi.SecurityContextHolderAwareRequestFilter@4c53decf, org.springframework.security.web.authentication.AnonymousAuthenticationFilter@7e56f07e, org.springframework.security.web.session.SessionManagementFilter@4827d208, org.springframework.security.web.access.ExceptionTranslationFilter@35487e76, org.springframework.security.web.access.intercept.AuthorizationFilter@7401ab18]
2024-04-01 22:03:05.209 [restartedMain] INFO  o.s.b.d.autoconfigure.OptionalLiveReloadServer - LiveReload server is running on port 35729
2024-04-01 22:03:05.274 [restartedMain] INFO  org.apache.coyote.http11.Http11NioProtocol - Starting ProtocolHandler ["http-nio-8080"]
2024-04-01 22:03:05.287 [restartedMain] INFO  o.s.boot.web.embedded.tomcat.TomcatWebServer - Tomcat started on port 8080 (http) with context path ''
2024-04-01 22:03:05.296 [restartedMain] INFO  c.phoenixhell.authbackend.AuthBackendApplication - Started AuthBackendApplication in 2.15 seconds (process running for 2.794)
2024-04-01 22:03:16.845 [http-nio-8080-exec-1] INFO  o.a.c.core.ContainerBase.[Tomcat].[localhost].[/] - Initializing Spring DispatcherServlet 'dispatcherServlet'
2024-04-01 22:03:16.845 [http-nio-8080-exec-1] INFO  org.springframework.web.servlet.DispatcherServlet - Initializing Servlet 'dispatcherServlet'
2024-04-01 22:03:16.846 [http-nio-8080-exec-1] INFO  org.springframework.web.servlet.DispatcherServlet - Completed initialization in 1 ms
2024-04-01 22:09:41.295 [background-preinit] INFO  org.hibernate.validator.internal.util.Version - HV000001: Hibernate Validator 8.0.1.Final
2024-04-01 22:09:41.317 [restartedMain] INFO  c.phoenixhell.authbackend.AuthBackendApplication - Starting AuthBackendApplication using Java 19.0.1 with PID 6528 (D:\code\auth-backend\target\classes started by phoen in D:\code\auth-backend)
2024-04-01 22:09:41.317 [restartedMain] INFO  c.phoenixhell.authbackend.AuthBackendApplication - The following 1 profile is active: "dev"
2024-04-01 22:09:41.349 [restartedMain] INFO  o.s.b.d.env.DevToolsPropertyDefaultsPostProcessor - Devtools property defaults active! Set 'spring.devtools.add-properties' to 'false' to disable
2024-04-01 22:09:41.350 [restartedMain] INFO  o.s.b.d.env.DevToolsPropertyDefaultsPostProcessor - For additional web related logging consider setting the 'logging.level.web' property to 'DEBUG'
2024-04-01 22:09:41.867 [restartedMain] INFO  o.s.d.r.config.RepositoryConfigurationDelegate - Multiple Spring Data modules found, entering strict repository configuration mode
2024-04-01 22:09:41.869 [restartedMain] INFO  o.s.d.r.config.RepositoryConfigurationDelegate - Bootstrapping Spring Data Redis repositories in DEFAULT mode.
2024-04-01 22:09:41.892 [restartedMain] INFO  o.s.d.r.config.RepositoryConfigurationDelegate - Finished Spring Data repository scanning in 12 ms. Found 0 Redis repository interfaces.
2024-04-01 22:09:42.265 [restartedMain] INFO  o.s.boot.web.embedded.tomcat.TomcatWebServer - Tomcat initialized with port 8080 (http)
2024-04-01 22:09:42.272 [restartedMain] INFO  org.apache.coyote.http11.Http11NioProtocol - Initializing ProtocolHandler ["http-nio-8080"]
2024-04-01 22:09:42.274 [restartedMain] INFO  org.apache.catalina.core.StandardService - Starting service [Tomcat]
2024-04-01 22:09:42.274 [restartedMain] INFO  org.apache.catalina.core.StandardEngine - Starting Servlet engine: [Apache Tomcat/10.1.19]
2024-04-01 22:09:42.307 [restartedMain] INFO  o.a.c.c.ContainerBase.[Tomcat].[localhost].[/api] - Initializing Spring embedded WebApplicationContext
2024-04-01 22:09:42.308 [restartedMain] INFO  o.s.b.w.s.c.ServletWebServerApplicationContext - Root WebApplicationContext: initialization completed in 958 ms
2024-04-01 22:10:33.662 [restartedMain] INFO  o.s.security.web.DefaultSecurityFilterChain - Will secure any request with [org.springframework.security.web.session.DisableEncodeUrlFilter@7087ad6a, org.springframework.security.web.context.request.async.WebAsyncManagerIntegrationFilter@3efe0cce, org.springframework.security.web.context.SecurityContextHolderFilter@4231367a, org.springframework.security.web.header.HeaderWriterFilter@6707c112, org.springframework.security.web.authentication.logout.LogoutFilter@7401ab18, org.springframework.security.web.savedrequest.RequestCacheAwareFilter@bb870fd, org.springframework.security.web.servletapi.SecurityContextHolderAwareRequestFilter@2a67f06e, org.springframework.security.web.authentication.AnonymousAuthenticationFilter@f981211, org.springframework.security.web.session.SessionManagementFilter@3afa4cbc, org.springframework.security.web.access.ExceptionTranslationFilter@6798eb17, org.springframework.security.web.access.intercept.AuthorizationFilter@769fe345]
2024-04-01 22:10:33.827 [restartedMain] INFO  o.s.b.d.autoconfigure.OptionalLiveReloadServer - LiveReload server is running on port 35729
2024-04-01 22:10:33.888 [restartedMain] INFO  org.apache.coyote.http11.Http11NioProtocol - Starting ProtocolHandler ["http-nio-8080"]
2024-04-01 22:10:33.900 [restartedMain] INFO  o.s.boot.web.embedded.tomcat.TomcatWebServer - Tomcat started on port 8080 (http) with context path '/api'
2024-04-01 22:10:33.908 [restartedMain] INFO  c.phoenixhell.authbackend.AuthBackendApplication - Started AuthBackendApplication in 52.98 seconds (process running for 53.587)
2024-04-01 22:10:36.289 [http-nio-8080-exec-2] INFO  o.a.c.c.ContainerBase.[Tomcat].[localhost].[/api] - Initializing Spring DispatcherServlet 'dispatcherServlet'
2024-04-01 22:10:36.290 [http-nio-8080-exec-2] INFO  org.springframework.web.servlet.DispatcherServlet - Initializing Servlet 'dispatcherServlet'
2024-04-01 22:10:36.291 [http-nio-8080-exec-2] INFO  org.springframework.web.servlet.DispatcherServlet - Completed initialization in 0 ms
2024-04-01 22:12:01.608 [background-preinit] INFO  org.hibernate.validator.internal.util.Version - HV000001: Hibernate Validator 8.0.1.Final
2024-04-01 22:12:01.627 [restartedMain] INFO  c.phoenixhell.authbackend.AuthBackendApplication - Starting AuthBackendApplication using Java 19.0.1 with PID 1524 (D:\code\auth-backend\target\classes started by phoen in D:\code\auth-backend)
2024-04-01 22:12:01.628 [restartedMain] INFO  c.phoenixhell.authbackend.AuthBackendApplication - The following 1 profile is active: "dev"
2024-04-01 22:12:01.660 [restartedMain] INFO  o.s.b.d.env.DevToolsPropertyDefaultsPostProcessor - Devtools property defaults active! Set 'spring.devtools.add-properties' to 'false' to disable
2024-04-01 22:12:01.660 [restartedMain] INFO  o.s.b.d.env.DevToolsPropertyDefaultsPostProcessor - For additional web related logging consider setting the 'logging.level.web' property to 'DEBUG'
2024-04-01 22:12:02.174 [restartedMain] INFO  o.s.d.r.config.RepositoryConfigurationDelegate - Multiple Spring Data modules found, entering strict repository configuration mode
2024-04-01 22:12:02.176 [restartedMain] INFO  o.s.d.r.config.RepositoryConfigurationDelegate - Bootstrapping Spring Data Redis repositories in DEFAULT mode.
2024-04-01 22:12:02.199 [restartedMain] INFO  o.s.d.r.config.RepositoryConfigurationDelegate - Finished Spring Data repository scanning in 12 ms. Found 0 Redis repository interfaces.
2024-04-01 22:12:02.556 [restartedMain] INFO  o.s.boot.web.embedded.tomcat.TomcatWebServer - Tomcat initialized with port 8080 (http)
2024-04-01 22:12:02.563 [restartedMain] INFO  org.apache.coyote.http11.Http11NioProtocol - Initializing ProtocolHandler ["http-nio-8080"]
2024-04-01 22:12:02.565 [restartedMain] INFO  org.apache.catalina.core.StandardService - Starting service [Tomcat]
2024-04-01 22:12:02.565 [restartedMain] INFO  org.apache.catalina.core.StandardEngine - Starting Servlet engine: [Apache Tomcat/10.1.19]
2024-04-01 22:12:02.598 [restartedMain] INFO  o.a.c.c.ContainerBase.[Tomcat].[localhost].[/api] - Initializing Spring embedded WebApplicationContext
2024-04-01 22:12:02.599 [restartedMain] INFO  o.s.b.w.s.c.ServletWebServerApplicationContext - Root WebApplicationContext: initialization completed in 938 ms
2024-04-01 22:12:20.060 [restartedMain] INFO  o.s.security.web.DefaultSecurityFilterChain - Will secure any request with [org.springframework.security.web.session.DisableEncodeUrlFilter@f981211, org.springframework.security.web.context.request.async.WebAsyncManagerIntegrationFilter@117aa71e, org.springframework.security.web.context.SecurityContextHolderFilter@bb870fd, org.springframework.security.web.header.HeaderWriterFilter@63407f9d, org.springframework.security.web.authentication.logout.LogoutFilter@7b53c856, org.springframework.security.web.savedrequest.RequestCacheAwareFilter@612e81be, org.springframework.security.web.servletapi.SecurityContextHolderAwareRequestFilter@7b9bcfda, org.springframework.security.web.authentication.AnonymousAuthenticationFilter@5cdba4a6, org.springframework.security.web.session.SessionManagementFilter@1046271b, org.springframework.security.web.access.ExceptionTranslationFilter@2878fc71, org.springframework.security.web.access.intercept.AuthorizationFilter@7e56f07e]
2024-04-01 22:12:20.236 [restartedMain] INFO  o.s.b.d.autoconfigure.OptionalLiveReloadServer - LiveReload server is running on port 35729
2024-04-01 22:12:20.291 [restartedMain] INFO  org.apache.coyote.http11.Http11NioProtocol - Starting ProtocolHandler ["http-nio-8080"]
2024-04-01 22:12:20.304 [restartedMain] INFO  o.s.boot.web.embedded.tomcat.TomcatWebServer - Tomcat started on port 8080 (http) with context path '/api'
2024-04-01 22:12:20.311 [restartedMain] INFO  c.phoenixhell.authbackend.AuthBackendApplication - Started AuthBackendApplication in 19.072 seconds (process running for 19.597)
2024-04-01 22:12:27.496 [background-preinit] INFO  org.hibernate.validator.internal.util.Version - HV000001: Hibernate Validator 8.0.1.Final
2024-04-01 22:12:27.517 [restartedMain] INFO  c.phoenixhell.authbackend.AuthBackendApplication - Starting AuthBackendApplication using Java 19.0.1 with PID 20684 (D:\code\auth-backend\target\classes started by phoen in D:\code\auth-backend)
2024-04-01 22:12:27.518 [restartedMain] INFO  c.phoenixhell.authbackend.AuthBackendApplication - The following 1 profile is active: "dev"
2024-04-01 22:12:27.549 [restartedMain] INFO  o.s.b.d.env.DevToolsPropertyDefaultsPostProcessor - Devtools property defaults active! Set 'spring.devtools.add-properties' to 'false' to disable
2024-04-01 22:12:27.550 [restartedMain] INFO  o.s.b.d.env.DevToolsPropertyDefaultsPostProcessor - For additional web related logging consider setting the 'logging.level.web' property to 'DEBUG'
2024-04-01 22:12:28.049 [restartedMain] INFO  o.s.d.r.config.RepositoryConfigurationDelegate - Multiple Spring Data modules found, entering strict repository configuration mode
2024-04-01 22:12:28.050 [restartedMain] INFO  o.s.d.r.config.RepositoryConfigurationDelegate - Bootstrapping Spring Data Redis repositories in DEFAULT mode.
2024-04-01 22:12:28.073 [restartedMain] INFO  o.s.d.r.config.RepositoryConfigurationDelegate - Finished Spring Data repository scanning in 11 ms. Found 0 Redis repository interfaces.
2024-04-01 22:12:28.434 [restartedMain] INFO  o.s.boot.web.embedded.tomcat.TomcatWebServer - Tomcat initialized with port 8080 (http)
2024-04-01 22:12:28.441 [restartedMain] INFO  org.apache.coyote.http11.Http11NioProtocol - Initializing ProtocolHandler ["http-nio-8080"]
2024-04-01 22:12:28.443 [restartedMain] INFO  org.apache.catalina.core.StandardService - Starting service [Tomcat]
2024-04-01 22:12:28.443 [restartedMain] INFO  org.apache.catalina.core.StandardEngine - Starting Servlet engine: [Apache Tomcat/10.1.19]
2024-04-01 22:12:28.474 [restartedMain] INFO  o.a.c.c.ContainerBase.[Tomcat].[localhost].[/api] - Initializing Spring embedded WebApplicationContext
2024-04-01 22:12:28.475 [restartedMain] INFO  o.s.b.w.s.c.ServletWebServerApplicationContext - Root WebApplicationContext: initialization completed in 925 ms
2024-04-01 22:12:46.724 [restartedMain] INFO  o.s.security.web.DefaultSecurityFilterChain - Will secure any request with [org.springframework.security.web.session.DisableEncodeUrlFilter@5d7278ac, org.springframework.security.web.context.request.async.WebAsyncManagerIntegrationFilter@1c25ae5e, org.springframework.security.web.context.SecurityContextHolderFilter@3afa4cbc, org.springframework.security.web.header.HeaderWriterFilter@317b5478, org.springframework.security.web.authentication.logout.LogoutFilter@2a2b6394, org.springframework.security.web.savedrequest.RequestCacheAwareFilter@1046271b, org.springframework.security.web.servletapi.SecurityContextHolderAwareRequestFilter@4231367a, org.springframework.security.web.authentication.AnonymousAuthenticationFilter@553978a4, org.springframework.security.web.session.SessionManagementFilter@55fb9d50, org.springframework.security.web.access.ExceptionTranslationFilter@5801d69a, org.springframework.security.web.access.intercept.AuthorizationFilter@308a8f7e]
2024-04-01 22:12:46.894 [restartedMain] INFO  o.s.b.d.autoconfigure.OptionalLiveReloadServer - LiveReload server is running on port 35729
2024-04-01 22:12:46.960 [restartedMain] INFO  org.apache.coyote.http11.Http11NioProtocol - Starting ProtocolHandler ["http-nio-8080"]
2024-04-01 22:12:46.971 [restartedMain] INFO  o.s.boot.web.embedded.tomcat.TomcatWebServer - Tomcat started on port 8080 (http) with context path '/api'
2024-04-01 22:12:46.980 [restartedMain] INFO  c.phoenixhell.authbackend.AuthBackendApplication - Started AuthBackendApplication in 19.844 seconds (process running for 20.439)
2024-04-01 22:12:49.238 [http-nio-8080-exec-2] INFO  o.a.c.c.ContainerBase.[Tomcat].[localhost].[/api] - Initializing Spring DispatcherServlet 'dispatcherServlet'
2024-04-01 22:12:49.238 [http-nio-8080-exec-2] INFO  org.springframework.web.servlet.DispatcherServlet - Initializing Servlet 'dispatcherServlet'
2024-04-01 22:12:49.239 [http-nio-8080-exec-2] INFO  org.springframework.web.servlet.DispatcherServlet - Completed initialization in 1 ms
2024-04-01 22:13:48.596 [background-preinit] INFO  org.hibernate.validator.internal.util.Version - HV000001: Hibernate Validator 8.0.1.Final
2024-04-01 22:13:48.615 [restartedMain] INFO  c.phoenixhell.authbackend.AuthBackendApplication - Starting AuthBackendApplication using Java 19.0.1 with PID 22304 (D:\code\auth-backend\target\classes started by phoen in D:\code\auth-backend)
2024-04-01 22:13:48.615 [restartedMain] INFO  c.phoenixhell.authbackend.AuthBackendApplication - The following 1 profile is active: "dev"
2024-04-01 22:13:48.646 [restartedMain] INFO  o.s.b.d.env.DevToolsPropertyDefaultsPostProcessor - Devtools property defaults active! Set 'spring.devtools.add-properties' to 'false' to disable
2024-04-01 22:13:48.646 [restartedMain] INFO  o.s.b.d.env.DevToolsPropertyDefaultsPostProcessor - For additional web related logging consider setting the 'logging.level.web' property to 'DEBUG'
2024-04-01 22:13:49.090 [restartedMain] INFO  o.s.d.r.config.RepositoryConfigurationDelegate - Multiple Spring Data modules found, entering strict repository configuration mode
2024-04-01 22:13:49.091 [restartedMain] INFO  o.s.d.r.config.RepositoryConfigurationDelegate - Bootstrapping Spring Data Redis repositories in DEFAULT mode.
2024-04-01 22:13:49.113 [restartedMain] INFO  o.s.d.r.config.RepositoryConfigurationDelegate - Finished Spring Data repository scanning in 13 ms. Found 0 Redis repository interfaces.
2024-04-01 22:13:49.439 [restartedMain] INFO  o.s.boot.web.embedded.tomcat.TomcatWebServer - Tomcat initialized with port 8080 (http)
2024-04-01 22:13:49.445 [restartedMain] INFO  org.apache.coyote.http11.Http11NioProtocol - Initializing ProtocolHandler ["http-nio-8080"]
2024-04-01 22:13:49.446 [restartedMain] INFO  org.apache.catalina.core.StandardService - Starting service [Tomcat]
2024-04-01 22:13:49.447 [restartedMain] INFO  org.apache.catalina.core.StandardEngine - Starting Servlet engine: [Apache Tomcat/10.1.19]
2024-04-01 22:13:49.478 [restartedMain] INFO  o.a.c.c.ContainerBase.[Tomcat].[localhost].[/api] - Initializing Spring embedded WebApplicationContext
2024-04-01 22:13:49.478 [restartedMain] INFO  o.s.b.w.s.c.ServletWebServerApplicationContext - Root WebApplicationContext: initialization completed in 832 ms
2024-04-01 22:13:49.961 [restartedMain] INFO  o.s.security.web.DefaultSecurityFilterChain - Will secure any request with [org.springframework.security.web.session.DisableEncodeUrlFilter@5a63f117, org.springframework.security.web.context.request.async.WebAsyncManagerIntegrationFilter@93536bd, org.springframework.security.web.context.SecurityContextHolderFilter@6176aa8a, org.springframework.security.web.header.HeaderWriterFilter@27214b7e, org.springframework.security.web.authentication.logout.LogoutFilter@309bba2d, org.springframework.security.web.savedrequest.RequestCacheAwareFilter@72926c30, org.springframework.security.web.servletapi.SecurityContextHolderAwareRequestFilter@3b1157a3, org.springframework.security.web.authentication.AnonymousAuthenticationFilter@7ead98c6, org.springframework.security.web.session.SessionManagementFilter@dbebe91, org.springframework.security.web.access.ExceptionTranslationFilter@3948985, org.springframework.security.web.access.intercept.AuthorizationFilter@254a3451]
2024-04-01 22:13:50.111 [restartedMain] INFO  o.s.b.d.autoconfigure.OptionalLiveReloadServer - LiveReload server is running on port 35729
2024-04-01 22:13:50.165 [restartedMain] INFO  org.apache.coyote.http11.Http11NioProtocol - Starting ProtocolHandler ["http-nio-8080"]
2024-04-01 22:13:50.178 [restartedMain] INFO  o.s.boot.web.embedded.tomcat.TomcatWebServer - Tomcat started on port 8080 (http) with context path '/api'
2024-04-01 22:13:50.185 [restartedMain] INFO  c.phoenixhell.authbackend.AuthBackendApplication - Started AuthBackendApplication in 1.904 seconds (process running for 2.348)
2024-04-01 22:14:01.382 [http-nio-8080-exec-2] INFO  o.a.c.c.ContainerBase.[Tomcat].[localhost].[/api] - Initializing Spring DispatcherServlet 'dispatcherServlet'
2024-04-01 22:14:01.382 [http-nio-8080-exec-2] INFO  org.springframework.web.servlet.DispatcherServlet - Initializing Servlet 'dispatcherServlet'
2024-04-01 22:14:01.383 [http-nio-8080-exec-2] INFO  org.springframework.web.servlet.DispatcherServlet - Completed initialization in 1 ms
2024-04-01 22:17:11.897 [background-preinit] INFO  org.hibernate.validator.internal.util.Version - HV000001: Hibernate Validator 8.0.1.Final
2024-04-01 22:17:11.917 [restartedMain] INFO  c.phoenixhell.authbackend.AuthBackendApplication - Starting AuthBackendApplication using Java 19.0.1 with PID 20632 (D:\code\auth-backend\target\classes started by phoen in D:\code\auth-backend)
2024-04-01 22:17:11.917 [restartedMain] INFO  c.phoenixhell.authbackend.AuthBackendApplication - The following 1 profile is active: "dev"
2024-04-01 22:17:11.947 [restartedMain] INFO  o.s.b.d.env.DevToolsPropertyDefaultsPostProcessor - Devtools property defaults active! Set 'spring.devtools.add-properties' to 'false' to disable
2024-04-01 22:17:11.947 [restartedMain] INFO  o.s.b.d.env.DevToolsPropertyDefaultsPostProcessor - For additional web related logging consider setting the 'logging.level.web' property to 'DEBUG'
2024-04-01 22:17:12.402 [restartedMain] INFO  o.s.d.r.config.RepositoryConfigurationDelegate - Multiple Spring Data modules found, entering strict repository configuration mode
2024-04-01 22:17:12.403 [restartedMain] INFO  o.s.d.r.config.RepositoryConfigurationDelegate - Bootstrapping Spring Data Redis repositories in DEFAULT mode.
2024-04-01 22:17:12.423 [restartedMain] INFO  o.s.d.r.config.RepositoryConfigurationDelegate - Finished Spring Data repository scanning in 11 ms. Found 0 Redis repository interfaces.
2024-04-01 22:17:12.748 [restartedMain] INFO  o.s.boot.web.embedded.tomcat.TomcatWebServer - Tomcat initialized with port 8080 (http)
2024-04-01 22:17:12.754 [restartedMain] INFO  org.apache.coyote.http11.Http11NioProtocol - Initializing ProtocolHandler ["http-nio-8080"]
2024-04-01 22:17:12.755 [restartedMain] INFO  org.apache.catalina.core.StandardService - Starting service [Tomcat]
2024-04-01 22:17:12.755 [restartedMain] INFO  org.apache.catalina.core.StandardEngine - Starting Servlet engine: [Apache Tomcat/10.1.19]
2024-04-01 22:17:12.785 [restartedMain] INFO  o.a.c.c.ContainerBase.[Tomcat].[localhost].[/api] - Initializing Spring embedded WebApplicationContext
2024-04-01 22:17:12.786 [restartedMain] INFO  o.s.b.w.s.c.ServletWebServerApplicationContext - Root WebApplicationContext: initialization completed in 839 ms
2024-04-01 22:17:13.259 [restartedMain] INFO  o.s.security.web.DefaultSecurityFilterChain - Will secure any request with [org.springframework.security.web.session.DisableEncodeUrlFilter@11edb3fc, org.springframework.security.web.context.request.async.WebAsyncManagerIntegrationFilter@29d96f32, org.springframework.security.web.context.SecurityContextHolderFilter@36e0f590, org.springframework.security.web.header.HeaderWriterFilter@52df79cc, org.springframework.security.web.authentication.logout.LogoutFilter@680da770, org.springframework.security.web.savedrequest.RequestCacheAwareFilter@703a9461, org.springframework.security.web.servletapi.SecurityContextHolderAwareRequestFilter@67fdae83, org.springframework.security.web.authentication.AnonymousAuthenticationFilter@254a3451, org.springframework.security.web.session.SessionManagementFilter@dba7cc6, org.springframework.security.web.access.ExceptionTranslationFilter@38d0a090, org.springframework.security.web.access.intercept.AuthorizationFilter@7d4d1e4]
2024-04-01 22:17:13.413 [restartedMain] INFO  o.s.b.d.autoconfigure.OptionalLiveReloadServer - LiveReload server is running on port 35729
2024-04-01 22:17:13.472 [restartedMain] INFO  org.apache.coyote.http11.Http11NioProtocol - Starting ProtocolHandler ["http-nio-8080"]
2024-04-01 22:17:13.483 [restartedMain] INFO  o.s.boot.web.embedded.tomcat.TomcatWebServer - Tomcat started on port 8080 (http) with context path '/api'
2024-04-01 22:17:13.491 [restartedMain] INFO  c.phoenixhell.authbackend.AuthBackendApplication - Started AuthBackendApplication in 1.911 seconds (process running for 2.347)
2024-04-01 22:17:15.548 [http-nio-8080-exec-1] INFO  o.a.c.c.ContainerBase.[Tomcat].[localhost].[/api] - Initializing Spring DispatcherServlet 'dispatcherServlet'
2024-04-01 22:17:15.549 [http-nio-8080-exec-1] INFO  org.springframework.web.servlet.DispatcherServlet - Initializing Servlet 'dispatcherServlet'
2024-04-01 22:17:15.550 [http-nio-8080-exec-1] INFO  org.springframework.web.servlet.DispatcherServlet - Completed initialization in 1 ms
2024-04-01 22:17:42.248 [background-preinit] INFO  org.hibernate.validator.internal.util.Version - HV000001: Hibernate Validator 8.0.1.Final
2024-04-01 22:17:42.268 [restartedMain] INFO  c.phoenixhell.authbackend.AuthBackendApplication - Starting AuthBackendApplication using Java 19.0.1 with PID 12724 (D:\code\auth-backend\target\classes started by phoen in D:\code\auth-backend)
2024-04-01 22:17:42.268 [restartedMain] INFO  c.phoenixhell.authbackend.AuthBackendApplication - The following 1 profile is active: "dev"
2024-04-01 22:17:42.297 [restartedMain] INFO  o.s.b.d.env.DevToolsPropertyDefaultsPostProcessor - Devtools property defaults active! Set 'spring.devtools.add-properties' to 'false' to disable
2024-04-01 22:17:42.298 [restartedMain] INFO  o.s.b.d.env.DevToolsPropertyDefaultsPostProcessor - For additional web related logging consider setting the 'logging.level.web' property to 'DEBUG'
2024-04-01 22:17:42.748 [restartedMain] INFO  o.s.d.r.config.RepositoryConfigurationDelegate - Multiple Spring Data modules found, entering strict repository configuration mode
2024-04-01 22:17:42.751 [restartedMain] INFO  o.s.d.r.config.RepositoryConfigurationDelegate - Bootstrapping Spring Data Redis repositories in DEFAULT mode.
2024-04-01 22:17:42.779 [restartedMain] INFO  o.s.d.r.config.RepositoryConfigurationDelegate - Finished Spring Data repository scanning in 11 ms. Found 0 Redis repository interfaces.
2024-04-01 22:17:43.099 [restartedMain] INFO  o.s.boot.web.embedded.tomcat.TomcatWebServer - Tomcat initialized with port 8080 (http)
2024-04-01 22:17:43.106 [restartedMain] INFO  org.apache.coyote.http11.Http11NioProtocol - Initializing ProtocolHandler ["http-nio-8080"]
2024-04-01 22:17:43.107 [restartedMain] INFO  org.apache.catalina.core.StandardService - Starting service [Tomcat]
2024-04-01 22:17:43.107 [restartedMain] INFO  org.apache.catalina.core.StandardEngine - Starting Servlet engine: [Apache Tomcat/10.1.19]
2024-04-01 22:17:43.136 [restartedMain] INFO  o.a.c.c.ContainerBase.[Tomcat].[localhost].[/api] - Initializing Spring embedded WebApplicationContext
2024-04-01 22:17:43.137 [restartedMain] INFO  o.s.b.w.s.c.ServletWebServerApplicationContext - Root WebApplicationContext: initialization completed in 839 ms
2024-04-01 22:17:43.629 [restartedMain] INFO  o.s.security.web.DefaultSecurityFilterChain - Will secure any request with [org.springframework.security.web.session.DisableEncodeUrlFilter@4e0c9733, org.springframework.security.web.context.request.async.WebAsyncManagerIntegrationFilter@7e25ffff, org.springframework.security.web.context.SecurityContextHolderFilter@4dda652b, org.springframework.security.web.header.HeaderWriterFilter@471b01bf, org.springframework.security.web.authentication.logout.LogoutFilter@ef8abce, org.springframework.security.web.savedrequest.RequestCacheAwareFilter@5371ff25, org.springframework.security.web.servletapi.SecurityContextHolderAwareRequestFilter@7708e645, org.springframework.security.web.authentication.AnonymousAuthenticationFilter@544c9756, org.springframework.security.web.session.SessionManagementFilter@79676321, org.springframework.security.web.access.ExceptionTranslationFilter@54834eb, org.springframework.security.web.access.intercept.AuthorizationFilter@37a638eb]
2024-04-01 22:17:43.791 [restartedMain] INFO  o.s.b.d.autoconfigure.OptionalLiveReloadServer - LiveReload server is running on port 35729
2024-04-01 22:17:43.850 [restartedMain] INFO  org.apache.coyote.http11.Http11NioProtocol - Starting ProtocolHandler ["http-nio-8080"]
2024-04-01 22:17:43.862 [restartedMain] INFO  o.s.boot.web.embedded.tomcat.TomcatWebServer - Tomcat started on port 8080 (http) with context path '/api'
2024-04-01 22:17:43.870 [restartedMain] INFO  c.phoenixhell.authbackend.AuthBackendApplication - Started AuthBackendApplication in 1.938 seconds (process running for 2.411)
2024-04-01 22:17:48.561 [http-nio-8080-exec-1] INFO  o.a.c.c.ContainerBase.[Tomcat].[localhost].[/api] - Initializing Spring DispatcherServlet 'dispatcherServlet'
2024-04-01 22:17:48.561 [http-nio-8080-exec-1] INFO  org.springframework.web.servlet.DispatcherServlet - Initializing Servlet 'dispatcherServlet'
2024-04-01 22:17:48.561 [http-nio-8080-exec-1] INFO  org.springframework.web.servlet.DispatcherServlet - Completed initialization in 0 ms
2024-04-01 22:18:41.256 [background-preinit] INFO  org.hibernate.validator.internal.util.Version - HV000001: Hibernate Validator 8.0.1.Final
2024-04-01 22:18:41.273 [restartedMain] INFO  c.phoenixhell.authbackend.AuthBackendApplication - Starting AuthBackendApplication using Java 19.0.1 with PID 8020 (D:\code\auth-backend\target\classes started by phoen in D:\code\auth-backend)
2024-04-01 22:18:41.274 [restartedMain] INFO  c.phoenixhell.authbackend.AuthBackendApplication - The following 1 profile is active: "dev"
2024-04-01 22:18:41.305 [restartedMain] INFO  o.s.b.d.env.DevToolsPropertyDefaultsPostProcessor - Devtools property defaults active! Set 'spring.devtools.add-properties' to 'false' to disable
2024-04-01 22:18:41.305 [restartedMain] INFO  o.s.b.d.env.DevToolsPropertyDefaultsPostProcessor - For additional web related logging consider setting the 'logging.level.web' property to 'DEBUG'
2024-04-01 22:18:41.751 [restartedMain] INFO  o.s.d.r.config.RepositoryConfigurationDelegate - Multiple Spring Data modules found, entering strict repository configuration mode
2024-04-01 22:18:41.752 [restartedMain] INFO  o.s.d.r.config.RepositoryConfigurationDelegate - Bootstrapping Spring Data Redis repositories in DEFAULT mode.
2024-04-01 22:18:41.772 [restartedMain] INFO  o.s.d.r.config.RepositoryConfigurationDelegate - Finished Spring Data repository scanning in 11 ms. Found 0 Redis repository interfaces.
2024-04-01 22:18:42.093 [restartedMain] INFO  o.s.boot.web.embedded.tomcat.TomcatWebServer - Tomcat initialized with port 8080 (http)
2024-04-01 22:18:42.099 [restartedMain] INFO  org.apache.coyote.http11.Http11NioProtocol - Initializing ProtocolHandler ["http-nio-8080"]
2024-04-01 22:18:42.100 [restartedMain] INFO  org.apache.catalina.core.StandardService - Starting service [Tomcat]
2024-04-01 22:18:42.100 [restartedMain] INFO  org.apache.catalina.core.StandardEngine - Starting Servlet engine: [Apache Tomcat/10.1.19]
2024-04-01 22:18:42.130 [restartedMain] INFO  o.a.c.c.ContainerBase.[Tomcat].[localhost].[/api] - Initializing Spring embedded WebApplicationContext
2024-04-01 22:18:42.131 [restartedMain] INFO  o.s.b.w.s.c.ServletWebServerApplicationContext - Root WebApplicationContext: initialization completed in 826 ms
2024-04-01 22:18:42.613 [restartedMain] INFO  o.s.security.web.DefaultSecurityFilterChain - Will secure any request with [org.springframework.security.web.session.DisableEncodeUrlFilter@78581863, org.springframework.security.web.context.request.async.WebAsyncManagerIntegrationFilter@45626c7, org.springframework.security.web.context.SecurityContextHolderFilter@67fdae83, org.springframework.security.web.header.HeaderWriterFilter@7bf0ac74, org.springframework.security.web.authentication.logout.LogoutFilter@130fe85d, org.springframework.security.web.savedrequest.RequestCacheAwareFilter@2983be5c, org.springframework.security.web.servletapi.SecurityContextHolderAwareRequestFilter@dbebe91, org.springframework.security.web.authentication.AnonymousAuthenticationFilter@66146980, org.springframework.security.web.session.SessionManagementFilter@36e0f590, org.springframework.security.web.access.ExceptionTranslationFilter@6f36909a, org.springframework.security.web.access.intercept.AuthorizationFilter@77a76ec0]
2024-04-01 22:18:42.777 [restartedMain] INFO  o.s.b.d.autoconfigure.OptionalLiveReloadServer - LiveReload server is running on port 35729
2024-04-01 22:18:42.838 [restartedMain] INFO  org.apache.coyote.http11.Http11NioProtocol - Starting ProtocolHandler ["http-nio-8080"]
2024-04-01 22:18:42.850 [restartedMain] INFO  o.s.boot.web.embedded.tomcat.TomcatWebServer - Tomcat started on port 8080 (http) with context path '/api'
2024-04-01 22:18:42.858 [restartedMain] INFO  c.phoenixhell.authbackend.AuthBackendApplication - Started AuthBackendApplication in 1.916 seconds (process running for 2.361)
2024-04-01 22:18:44.982 [http-nio-8080-exec-1] INFO  o.a.c.c.ContainerBase.[Tomcat].[localhost].[/api] - Initializing Spring DispatcherServlet 'dispatcherServlet'
2024-04-01 22:18:44.982 [http-nio-8080-exec-1] INFO  org.springframework.web.servlet.DispatcherServlet - Initializing Servlet 'dispatcherServlet'
2024-04-01 22:18:44.983 [http-nio-8080-exec-1] INFO  org.springframework.web.servlet.DispatcherServlet - Completed initialization in 1 ms
2024-04-01 22:19:00.999 [background-preinit] INFO  org.hibernate.validator.internal.util.Version - HV000001: Hibernate Validator 8.0.1.Final
2024-04-01 22:19:01.024 [restartedMain] INFO  c.phoenixhell.authbackend.AuthBackendApplication - Starting AuthBackendApplication using Java 19.0.1 with PID 11320 (D:\code\auth-backend\target\classes started by phoen in D:\code\auth-backend)
2024-04-01 22:19:01.025 [restartedMain] INFO  c.phoenixhell.authbackend.AuthBackendApplication - The following 1 profile is active: "dev"
2024-04-01 22:19:01.063 [restartedMain] INFO  o.s.b.d.env.DevToolsPropertyDefaultsPostProcessor - Devtools property defaults active! Set 'spring.devtools.add-properties' to 'false' to disable
2024-04-01 22:19:01.064 [restartedMain] INFO  o.s.b.d.env.DevToolsPropertyDefaultsPostProcessor - For additional web related logging consider setting the 'logging.level.web' property to 'DEBUG'
2024-04-01 22:19:01.674 [restartedMain] INFO  o.s.d.r.config.RepositoryConfigurationDelegate - Multiple Spring Data modules found, entering strict repository configuration mode
2024-04-01 22:19:01.675 [restartedMain] INFO  o.s.d.r.config.RepositoryConfigurationDelegate - Bootstrapping Spring Data Redis repositories in DEFAULT mode.
2024-04-01 22:19:01.705 [restartedMain] INFO  o.s.d.r.config.RepositoryConfigurationDelegate - Finished Spring Data repository scanning in 17 ms. Found 0 Redis repository interfaces.
2024-04-01 22:19:02.122 [restartedMain] INFO  o.s.boot.web.embedded.tomcat.TomcatWebServer - Tomcat initialized with port 8080 (http)
2024-04-01 22:19:02.129 [restartedMain] INFO  org.apache.coyote.http11.Http11NioProtocol - Initializing ProtocolHandler ["http-nio-8080"]
2024-04-01 22:19:02.131 [restartedMain] INFO  org.apache.catalina.core.StandardService - Starting service [Tomcat]
2024-04-01 22:19:02.131 [restartedMain] INFO  org.apache.catalina.core.StandardEngine - Starting Servlet engine: [Apache Tomcat/10.1.19]
2024-04-01 22:19:02.165 [restartedMain] INFO  o.a.c.core.ContainerBase.[Tomcat].[localhost].[/] - Initializing Spring embedded WebApplicationContext
2024-04-01 22:19:02.166 [restartedMain] INFO  o.s.b.w.s.c.ServletWebServerApplicationContext - Root WebApplicationContext: initialization completed in 1101 ms
2024-04-01 22:19:02.201 [restartedMain] INFO  org.apache.catalina.core.StandardService - Stopping service [Tomcat]
2024-04-01 22:19:02.213 [restartedMain] INFO  o.s.b.a.logging.ConditionEvaluationReportLogger - 

Error starting ApplicationContext. To display the condition evaluation report re-run your application with 'debug' enabled.
2024-04-01 22:19:31.864 [background-preinit] INFO  org.hibernate.validator.internal.util.Version - HV000001: Hibernate Validator 8.0.1.Final
2024-04-01 22:19:31.884 [restartedMain] INFO  c.phoenixhell.authbackend.AuthBackendApplication - Starting AuthBackendApplication using Java 19.0.1 with PID 24104 (D:\code\auth-backend\target\classes started by phoen in D:\code\auth-backend)
2024-04-01 22:19:31.885 [restartedMain] INFO  c.phoenixhell.authbackend.AuthBackendApplication - The following 1 profile is active: "dev"
2024-04-01 22:19:31.922 [restartedMain] INFO  o.s.b.d.env.DevToolsPropertyDefaultsPostProcessor - Devtools property defaults active! Set 'spring.devtools.add-properties' to 'false' to disable
2024-04-01 22:19:31.922 [restartedMain] INFO  o.s.b.d.env.DevToolsPropertyDefaultsPostProcessor - For additional web related logging consider setting the 'logging.level.web' property to 'DEBUG'
2024-04-01 22:19:32.379 [restartedMain] INFO  o.s.d.r.config.RepositoryConfigurationDelegate - Multiple Spring Data modules found, entering strict repository configuration mode
2024-04-01 22:19:32.381 [restartedMain] INFO  o.s.d.r.config.RepositoryConfigurationDelegate - Bootstrapping Spring Data Redis repositories in DEFAULT mode.
2024-04-01 22:19:32.402 [restartedMain] INFO  o.s.d.r.config.RepositoryConfigurationDelegate - Finished Spring Data repository scanning in 11 ms. Found 0 Redis repository interfaces.
2024-04-01 22:19:32.743 [restartedMain] INFO  o.s.boot.web.embedded.tomcat.TomcatWebServer - Tomcat initialized with port 8080 (http)
2024-04-01 22:19:32.750 [restartedMain] INFO  org.apache.coyote.http11.Http11NioProtocol - Initializing ProtocolHandler ["http-nio-8080"]
2024-04-01 22:19:32.751 [restartedMain] INFO  org.apache.catalina.core.StandardService - Starting service [Tomcat]
2024-04-01 22:19:32.751 [restartedMain] INFO  org.apache.catalina.core.StandardEngine - Starting Servlet engine: [Apache Tomcat/10.1.19]
2024-04-01 22:19:32.781 [restartedMain] INFO  o.a.c.core.ContainerBase.[Tomcat].[localhost].[/] - Initializing Spring embedded WebApplicationContext
2024-04-01 22:19:32.782 [restartedMain] INFO  o.s.b.w.s.c.ServletWebServerApplicationContext - Root WebApplicationContext: initialization completed in 859 ms
2024-04-01 22:19:33.265 [restartedMain] INFO  o.s.security.web.DefaultSecurityFilterChain - Will secure any request with [org.springframework.security.web.session.DisableEncodeUrlFilter@bd73999, org.springframework.security.web.context.request.async.WebAsyncManagerIntegrationFilter@3cfa6bf8, org.springframework.security.web.context.SecurityContextHolderFilter@69b2f778, org.springframework.security.web.header.HeaderWriterFilter@6d3d5003, org.springframework.security.web.authentication.logout.LogoutFilter@6150e8ee, org.springframework.security.web.savedrequest.RequestCacheAwareFilter@de3241, org.springframework.security.web.servletapi.SecurityContextHolderAwareRequestFilter@27214b7e, org.springframework.security.web.authentication.AnonymousAuthenticationFilter@680da770, org.springframework.security.web.session.SessionManagementFilter@7bf0ac74, org.springframework.security.web.access.ExceptionTranslationFilter@4ba41a7f, org.springframework.security.web.access.intercept.AuthorizationFilter@4375490a]
2024-04-01 22:19:33.422 [restartedMain] INFO  o.s.b.d.autoconfigure.OptionalLiveReloadServer - LiveReload server is running on port 35729
2024-04-01 22:19:33.478 [restartedMain] INFO  org.apache.coyote.http11.Http11NioProtocol - Starting ProtocolHandler ["http-nio-8080"]
2024-04-01 22:19:33.491 [restartedMain] INFO  o.s.boot.web.embedded.tomcat.TomcatWebServer - Tomcat started on port 8080 (http) with context path ''
2024-04-01 22:19:33.498 [restartedMain] INFO  c.phoenixhell.authbackend.AuthBackendApplication - Started AuthBackendApplication in 1.967 seconds (process running for 2.43)
2024-04-01 22:19:35.651 [http-nio-8080-exec-1] INFO  o.a.c.core.ContainerBase.[Tomcat].[localhost].[/] - Initializing Spring DispatcherServlet 'dispatcherServlet'
2024-04-01 22:19:35.651 [http-nio-8080-exec-1] INFO  org.springframework.web.servlet.DispatcherServlet - Initializing Servlet 'dispatcherServlet'
2024-04-01 22:19:35.652 [http-nio-8080-exec-1] INFO  org.springframework.web.servlet.DispatcherServlet - Completed initialization in 1 ms
2024-04-01 22:19:58.313 [background-preinit] INFO  org.hibernate.validator.internal.util.Version - HV000001: Hibernate Validator 8.0.1.Final
2024-04-01 22:19:58.331 [restartedMain] INFO  c.phoenixhell.authbackend.AuthBackendApplication - Starting AuthBackendApplication using Java 19.0.1 with PID 12124 (D:\code\auth-backend\target\classes started by phoen in D:\code\auth-backend)
2024-04-01 22:19:58.332 [restartedMain] INFO  c.phoenixhell.authbackend.AuthBackendApplication - The following 1 profile is active: "dev"
2024-04-01 22:19:58.358 [restartedMain] INFO  o.s.b.d.env.DevToolsPropertyDefaultsPostProcessor - Devtools property defaults active! Set 'spring.devtools.add-properties' to 'false' to disable
2024-04-01 22:19:58.358 [restartedMain] INFO  o.s.b.d.env.DevToolsPropertyDefaultsPostProcessor - For additional web related logging consider setting the 'logging.level.web' property to 'DEBUG'
2024-04-01 22:19:58.783 [restartedMain] INFO  o.s.d.r.config.RepositoryConfigurationDelegate - Multiple Spring Data modules found, entering strict repository configuration mode
2024-04-01 22:19:58.785 [restartedMain] INFO  o.s.d.r.config.RepositoryConfigurationDelegate - Bootstrapping Spring Data Redis repositories in DEFAULT mode.
2024-04-01 22:19:58.810 [restartedMain] INFO  o.s.d.r.config.RepositoryConfigurationDelegate - Finished Spring Data repository scanning in 13 ms. Found 0 Redis repository interfaces.
2024-04-01 22:19:59.136 [restartedMain] INFO  o.s.boot.web.embedded.tomcat.TomcatWebServer - Tomcat initialized with port 8080 (http)
2024-04-01 22:19:59.142 [restartedMain] INFO  org.apache.coyote.http11.Http11NioProtocol - Initializing ProtocolHandler ["http-nio-8080"]
2024-04-01 22:19:59.143 [restartedMain] INFO  org.apache.catalina.core.StandardService - Starting service [Tomcat]
2024-04-01 22:19:59.144 [restartedMain] INFO  org.apache.catalina.core.StandardEngine - Starting Servlet engine: [Apache Tomcat/10.1.19]
2024-04-01 22:19:59.174 [restartedMain] INFO  o.a.c.c.ContainerBase.[Tomcat].[localhost].[/api] - Initializing Spring embedded WebApplicationContext
2024-04-01 22:19:59.174 [restartedMain] INFO  o.s.b.w.s.c.ServletWebServerApplicationContext - Root WebApplicationContext: initialization completed in 815 ms
2024-04-01 22:19:59.645 [restartedMain] INFO  o.s.security.web.DefaultSecurityFilterChain - Will secure any request with [org.springframework.security.web.session.DisableEncodeUrlFilter@309bba2d, org.springframework.security.web.context.request.async.WebAsyncManagerIntegrationFilter@77a76ec0, org.springframework.security.web.context.SecurityContextHolderFilter@47c9449e, org.springframework.security.web.header.HeaderWriterFilter@5ffc1eb6, org.springframework.security.web.authentication.logout.LogoutFilter@155459d2, org.springframework.security.web.savedrequest.RequestCacheAwareFilter@dba7cc6, org.springframework.security.web.servletapi.SecurityContextHolderAwareRequestFilter@39542281, org.springframework.security.web.authentication.AnonymousAuthenticationFilter@56ddda21, org.springframework.security.web.session.SessionManagementFilter@314fcad, org.springframework.security.web.access.ExceptionTranslationFilter@38e79653, org.springframework.security.web.access.intercept.AuthorizationFilter@7cc5f996]
2024-04-01 22:19:59.793 [restartedMain] INFO  o.s.b.d.autoconfigure.OptionalLiveReloadServer - LiveReload server is running on port 35729
2024-04-01 22:19:59.845 [restartedMain] INFO  org.apache.coyote.http11.Http11NioProtocol - Starting ProtocolHandler ["http-nio-8080"]
2024-04-01 22:19:59.856 [restartedMain] INFO  o.s.boot.web.embedded.tomcat.TomcatWebServer - Tomcat started on port 8080 (http) with context path '/api'
2024-04-01 22:19:59.864 [restartedMain] INFO  c.phoenixhell.authbackend.AuthBackendApplication - Started AuthBackendApplication in 1.863 seconds (process running for 2.33)
2024-04-01 22:20:02.578 [http-nio-8080-exec-1] INFO  o.a.c.c.ContainerBase.[Tomcat].[localhost].[/api] - Initializing Spring DispatcherServlet 'dispatcherServlet'
2024-04-01 22:20:02.578 [http-nio-8080-exec-1] INFO  org.springframework.web.servlet.DispatcherServlet - Initializing Servlet 'dispatcherServlet'
2024-04-01 22:20:02.579 [http-nio-8080-exec-1] INFO  org.springframework.web.servlet.DispatcherServlet - Completed initialization in 1 ms
2024-04-01 22:20:14.821 [background-preinit] INFO  org.hibernate.validator.internal.util.Version - HV000001: Hibernate Validator 8.0.1.Final
2024-04-01 22:20:14.840 [restartedMain] INFO  c.phoenixhell.authbackend.AuthBackendApplication - Starting AuthBackendApplication using Java 19.0.1 with PID 1096 (D:\code\auth-backend\target\classes started by phoen in D:\code\auth-backend)
2024-04-01 22:20:14.840 [restartedMain] INFO  c.phoenixhell.authbackend.AuthBackendApplication - The following 1 profile is active: "dev"
2024-04-01 22:20:14.871 [restartedMain] INFO  o.s.b.d.env.DevToolsPropertyDefaultsPostProcessor - Devtools property defaults active! Set 'spring.devtools.add-properties' to 'false' to disable
2024-04-01 22:20:14.871 [restartedMain] INFO  o.s.b.d.env.DevToolsPropertyDefaultsPostProcessor - For additional web related logging consider setting the 'logging.level.web' property to 'DEBUG'
2024-04-01 22:20:15.307 [restartedMain] INFO  o.s.d.r.config.RepositoryConfigurationDelegate - Multiple Spring Data modules found, entering strict repository configuration mode
2024-04-01 22:20:15.308 [restartedMain] INFO  o.s.d.r.config.RepositoryConfigurationDelegate - Bootstrapping Spring Data Redis repositories in DEFAULT mode.
2024-04-01 22:20:15.331 [restartedMain] INFO  o.s.d.r.config.RepositoryConfigurationDelegate - Finished Spring Data repository scanning in 11 ms. Found 0 Redis repository interfaces.
2024-04-01 22:20:15.655 [restartedMain] INFO  o.s.boot.web.embedded.tomcat.TomcatWebServer - Tomcat initialized with port 8080 (http)
2024-04-01 22:20:15.662 [restartedMain] INFO  org.apache.coyote.http11.Http11NioProtocol - Initializing ProtocolHandler ["http-nio-8080"]
2024-04-01 22:20:15.663 [restartedMain] INFO  org.apache.catalina.core.StandardService - Starting service [Tomcat]
2024-04-01 22:20:15.663 [restartedMain] INFO  org.apache.catalina.core.StandardEngine - Starting Servlet engine: [Apache Tomcat/10.1.19]
2024-04-01 22:20:15.693 [restartedMain] INFO  o.a.c.c.ContainerBase.[Tomcat].[localhost].[/api] - Initializing Spring embedded WebApplicationContext
2024-04-01 22:20:15.693 [restartedMain] INFO  o.s.b.w.s.c.ServletWebServerApplicationContext - Root WebApplicationContext: initialization completed in 822 ms
2024-04-01 22:20:16.197 [restartedMain] INFO  o.s.security.web.DefaultSecurityFilterChain - Will secure any request with [org.springframework.security.web.session.DisableEncodeUrlFilter@4e6c1a33, org.springframework.security.web.context.request.async.WebAsyncManagerIntegrationFilter@7cc5f996, org.springframework.security.web.context.SecurityContextHolderFilter@27214b7e, org.springframework.security.web.header.HeaderWriterFilter@63d7d68e, org.springframework.security.web.authentication.logout.LogoutFilter@7cc59bf8, org.springframework.security.web.savedrequest.RequestCacheAwareFilter@35cc490c, org.springframework.security.web.servletapi.SecurityContextHolderAwareRequestFilter@447139ce, org.springframework.security.web.authentication.AnonymousAuthenticationFilter@130fe85d, org.springframework.security.web.session.SessionManagementFilter@69b2f778, org.springframework.security.web.access.ExceptionTranslationFilter@621c55a, org.springframework.security.web.access.intercept.AuthorizationFilter@7c806251]
2024-04-01 22:20:16.381 [restartedMain] INFO  o.s.b.d.autoconfigure.OptionalLiveReloadServer - LiveReload server is running on port 35729
2024-04-01 22:20:16.443 [restartedMain] INFO  org.apache.coyote.http11.Http11NioProtocol - Starting ProtocolHandler ["http-nio-8080"]
2024-04-01 22:20:16.455 [restartedMain] INFO  o.s.boot.web.embedded.tomcat.TomcatWebServer - Tomcat started on port 8080 (http) with context path '/api'
2024-04-01 22:20:16.462 [restartedMain] INFO  c.phoenixhell.authbackend.AuthBackendApplication - Started AuthBackendApplication in 1.999 seconds (process running for 2.533)
2024-04-01 22:20:16.940 [http-nio-8080-exec-1] INFO  o.a.c.c.ContainerBase.[Tomcat].[localhost].[/api] - Initializing Spring DispatcherServlet 'dispatcherServlet'
2024-04-01 22:20:16.940 [http-nio-8080-exec-1] INFO  org.springframework.web.servlet.DispatcherServlet - Initializing Servlet 'dispatcherServlet'
2024-04-01 22:20:16.941 [http-nio-8080-exec-1] INFO  org.springframework.web.servlet.DispatcherServlet - Completed initialization in 1 ms
2024-04-01 22:23:59.284 [background-preinit] INFO  org.hibernate.validator.internal.util.Version - HV000001: Hibernate Validator 8.0.1.Final
2024-04-01 22:23:59.304 [restartedMain] INFO  c.phoenixhell.authbackend.AuthBackendApplication - Starting AuthBackendApplication using Java 19.0.1 with PID 1588 (D:\code\auth-backend\target\classes started by phoen in D:\code\auth-backend)
2024-04-01 22:23:59.305 [restartedMain] INFO  c.phoenixhell.authbackend.AuthBackendApplication - The following 1 profile is active: "dev"
2024-04-01 22:23:59.332 [restartedMain] INFO  o.s.b.d.env.DevToolsPropertyDefaultsPostProcessor - Devtools property defaults active! Set 'spring.devtools.add-properties' to 'false' to disable
2024-04-01 22:23:59.332 [restartedMain] INFO  o.s.b.d.env.DevToolsPropertyDefaultsPostProcessor - For additional web related logging consider setting the 'logging.level.web' property to 'DEBUG'
2024-04-01 22:23:59.788 [restartedMain] INFO  o.s.d.r.config.RepositoryConfigurationDelegate - Multiple Spring Data modules found, entering strict repository configuration mode
2024-04-01 22:23:59.789 [restartedMain] INFO  o.s.d.r.config.RepositoryConfigurationDelegate - Bootstrapping Spring Data Redis repositories in DEFAULT mode.
2024-04-01 22:23:59.812 [restartedMain] INFO  o.s.d.r.config.RepositoryConfigurationDelegate - Finished Spring Data repository scanning in 10 ms. Found 0 Redis repository interfaces.
2024-04-01 22:24:00.197 [restartedMain] INFO  o.s.boot.web.embedded.tomcat.TomcatWebServer - Tomcat initialized with port 8080 (http)
2024-04-01 22:24:00.207 [restartedMain] INFO  org.apache.coyote.http11.Http11NioProtocol - Initializing ProtocolHandler ["http-nio-8080"]
2024-04-01 22:24:00.209 [restartedMain] INFO  org.apache.catalina.core.StandardService - Starting service [Tomcat]
2024-04-01 22:24:00.210 [restartedMain] INFO  org.apache.catalina.core.StandardEngine - Starting Servlet engine: [Apache Tomcat/10.1.19]
2024-04-01 22:24:00.251 [restartedMain] INFO  o.a.c.c.ContainerBase.[Tomcat].[localhost].[/api] - Initializing Spring embedded WebApplicationContext
2024-04-01 22:24:00.252 [restartedMain] INFO  o.s.b.w.s.c.ServletWebServerApplicationContext - Root WebApplicationContext: initialization completed in 919 ms
2024-04-01 22:24:00.770 [restartedMain] INFO  o.s.security.web.DefaultSecurityFilterChain - Will secure any request with [org.springframework.security.web.session.DisableEncodeUrlFilter@1ffed301, org.springframework.security.web.context.request.async.WebAsyncManagerIntegrationFilter@5a63f117, org.springframework.security.web.context.SecurityContextHolderFilter@55339f2e, org.springframework.security.web.header.HeaderWriterFilter@de3241, org.springframework.security.web.authentication.logout.LogoutFilter@76c215c6, org.springframework.security.web.savedrequest.RequestCacheAwareFilter@1944ca03, org.springframework.security.web.servletapi.SecurityContextHolderAwareRequestFilter@72926c30, org.springframework.security.web.authentication.AnonymousAuthenticationFilter@93536bd, org.springframework.security.web.session.SessionManagementFilter@2983be5c, org.springframework.security.web.access.ExceptionTranslationFilter@52c8bbdf, org.springframework.security.web.access.intercept.AuthorizationFilter@29d96f32]
2024-04-01 22:24:00.933 [restartedMain] INFO  o.s.b.d.autoconfigure.OptionalLiveReloadServer - LiveReload server is running on port 35729
2024-04-01 22:24:00.995 [restartedMain] INFO  org.apache.coyote.http11.Http11NioProtocol - Starting ProtocolHandler ["http-nio-8080"]
2024-04-01 22:24:01.011 [restartedMain] INFO  o.s.boot.web.embedded.tomcat.TomcatWebServer - Tomcat started on port 8080 (http) with context path '/api'
2024-04-01 22:24:01.018 [restartedMain] INFO  c.phoenixhell.authbackend.AuthBackendApplication - Started AuthBackendApplication in 2.055 seconds (process running for 2.521)
2024-04-01 22:24:18.137 [background-preinit] INFO  org.hibernate.validator.internal.util.Version - HV000001: Hibernate Validator 8.0.1.Final
2024-04-01 22:24:18.159 [restartedMain] INFO  c.phoenixhell.authbackend.AuthBackendApplication - Starting AuthBackendApplication using Java 19.0.1 with PID 14996 (D:\code\auth-backend\target\classes started by phoen in D:\code\auth-backend)
2024-04-01 22:24:18.159 [restartedMain] INFO  c.phoenixhell.authbackend.AuthBackendApplication - The following 1 profile is active: "dev"
2024-04-01 22:24:18.189 [restartedMain] INFO  o.s.b.d.env.DevToolsPropertyDefaultsPostProcessor - Devtools property defaults active! Set 'spring.devtools.add-properties' to 'false' to disable
2024-04-01 22:24:18.190 [restartedMain] INFO  o.s.b.d.env.DevToolsPropertyDefaultsPostProcessor - For additional web related logging consider setting the 'logging.level.web' property to 'DEBUG'
2024-04-01 22:24:18.627 [restartedMain] INFO  o.s.d.r.config.RepositoryConfigurationDelegate - Multiple Spring Data modules found, entering strict repository configuration mode
2024-04-01 22:24:18.629 [restartedMain] INFO  o.s.d.r.config.RepositoryConfigurationDelegate - Bootstrapping Spring Data Redis repositories in DEFAULT mode.
2024-04-01 22:24:18.651 [restartedMain] INFO  o.s.d.r.config.RepositoryConfigurationDelegate - Finished Spring Data repository scanning in 10 ms. Found 0 Redis repository interfaces.
2024-04-01 22:24:18.970 [restartedMain] INFO  o.s.boot.web.embedded.tomcat.TomcatWebServer - Tomcat initialized with port 8080 (http)
2024-04-01 22:24:18.976 [restartedMain] INFO  org.apache.coyote.http11.Http11NioProtocol - Initializing ProtocolHandler ["http-nio-8080"]
2024-04-01 22:24:18.977 [restartedMain] INFO  org.apache.catalina.core.StandardService - Starting service [Tomcat]
2024-04-01 22:24:18.978 [restartedMain] INFO  org.apache.catalina.core.StandardEngine - Starting Servlet engine: [Apache Tomcat/10.1.19]
2024-04-01 22:24:19.008 [restartedMain] INFO  o.a.c.c.ContainerBase.[Tomcat].[localhost].[/api] - Initializing Spring embedded WebApplicationContext
2024-04-01 22:24:19.008 [restartedMain] INFO  o.s.b.w.s.c.ServletWebServerApplicationContext - Root WebApplicationContext: initialization completed in 818 ms
2024-04-01 22:24:19.480 [restartedMain] INFO  o.s.security.web.DefaultSecurityFilterChain - Will secure any request with [org.springframework.security.web.session.DisableEncodeUrlFilter@309bba2d, org.springframework.security.web.context.request.async.WebAsyncManagerIntegrationFilter@77a76ec0, org.springframework.security.web.context.SecurityContextHolderFilter@47c9449e, org.springframework.security.web.header.HeaderWriterFilter@5ffc1eb6, org.springframework.security.web.authentication.logout.LogoutFilter@155459d2, org.springframework.security.web.savedrequest.RequestCacheAwareFilter@dba7cc6, org.springframework.security.web.servletapi.SecurityContextHolderAwareRequestFilter@39542281, org.springframework.security.web.authentication.AnonymousAuthenticationFilter@56ddda21, org.springframework.security.web.session.SessionManagementFilter@314fcad, org.springframework.security.web.access.ExceptionTranslationFilter@38e79653, org.springframework.security.web.access.intercept.AuthorizationFilter@7cc5f996]
2024-04-01 22:24:19.630 [restartedMain] INFO  o.s.b.d.autoconfigure.OptionalLiveReloadServer - LiveReload server is running on port 35729
2024-04-01 22:24:19.681 [restartedMain] INFO  org.apache.coyote.http11.Http11NioProtocol - Starting ProtocolHandler ["http-nio-8080"]
2024-04-01 22:24:19.693 [restartedMain] INFO  o.s.boot.web.embedded.tomcat.TomcatWebServer - Tomcat started on port 8080 (http) with context path '/api'
2024-04-01 22:24:19.700 [restartedMain] INFO  c.phoenixhell.authbackend.AuthBackendApplication - Started AuthBackendApplication in 1.884 seconds (process running for 2.329)
2024-04-01 22:24:23.322 [http-nio-8080-exec-1] INFO  o.a.c.c.ContainerBase.[Tomcat].[localhost].[/api] - Initializing Spring DispatcherServlet 'dispatcherServlet'
2024-04-01 22:24:23.322 [http-nio-8080-exec-1] INFO  org.springframework.web.servlet.DispatcherServlet - Initializing Servlet 'dispatcherServlet'
2024-04-01 22:24:23.323 [http-nio-8080-exec-1] INFO  org.springframework.web.servlet.DispatcherServlet - Completed initialization in 1 ms
2024-04-01 22:25:06.140 [background-preinit] INFO  org.hibernate.validator.internal.util.Version - HV000001: Hibernate Validator 8.0.1.Final
2024-04-01 22:25:06.158 [restartedMain] INFO  c.phoenixhell.authbackend.AuthBackendApplication - Starting AuthBackendApplication using Java 19.0.1 with PID 7616 (D:\code\auth-backend\target\classes started by phoen in D:\code\auth-backend)
2024-04-01 22:25:06.159 [restartedMain] INFO  c.phoenixhell.authbackend.AuthBackendApplication - The following 1 profile is active: "dev"
2024-04-01 22:25:06.188 [restartedMain] INFO  o.s.b.d.env.DevToolsPropertyDefaultsPostProcessor - Devtools property defaults active! Set 'spring.devtools.add-properties' to 'false' to disable
2024-04-01 22:25:06.188 [restartedMain] INFO  o.s.b.d.env.DevToolsPropertyDefaultsPostProcessor - For additional web related logging consider setting the 'logging.level.web' property to 'DEBUG'
2024-04-01 22:25:06.658 [restartedMain] INFO  o.s.d.r.config.RepositoryConfigurationDelegate - Multiple Spring Data modules found, entering strict repository configuration mode
2024-04-01 22:25:06.660 [restartedMain] INFO  o.s.d.r.config.RepositoryConfigurationDelegate - Bootstrapping Spring Data Redis repositories in DEFAULT mode.
2024-04-01 22:25:06.684 [restartedMain] INFO  o.s.d.r.config.RepositoryConfigurationDelegate - Finished Spring Data repository scanning in 12 ms. Found 0 Redis repository interfaces.
2024-04-01 22:25:07.020 [restartedMain] INFO  o.s.boot.web.embedded.tomcat.TomcatWebServer - Tomcat initialized with port 8080 (http)
2024-04-01 22:25:07.026 [restartedMain] INFO  org.apache.coyote.http11.Http11NioProtocol - Initializing ProtocolHandler ["http-nio-8080"]
2024-04-01 22:25:07.027 [restartedMain] INFO  org.apache.catalina.core.StandardService - Starting service [Tomcat]
2024-04-01 22:25:07.027 [restartedMain] INFO  org.apache.catalina.core.StandardEngine - Starting Servlet engine: [Apache Tomcat/10.1.19]
2024-04-01 22:25:07.058 [restartedMain] INFO  o.a.c.c.ContainerBase.[Tomcat].[localhost].[/api] - Initializing Spring embedded WebApplicationContext
2024-04-01 22:25:07.059 [restartedMain] INFO  o.s.b.w.s.c.ServletWebServerApplicationContext - Root WebApplicationContext: initialization completed in 870 ms
2024-04-01 22:25:07.562 [restartedMain] INFO  o.s.security.web.DefaultSecurityFilterChain - Will secure any request with [org.springframework.security.web.session.DisableEncodeUrlFilter@78581863, org.springframework.security.web.context.request.async.WebAsyncManagerIntegrationFilter@45626c7, org.springframework.security.web.context.SecurityContextHolderFilter@67fdae83, org.springframework.security.web.header.HeaderWriterFilter@7bf0ac74, org.springframework.security.web.authentication.logout.LogoutFilter@130fe85d, org.springframework.security.web.savedrequest.RequestCacheAwareFilter@2983be5c, org.springframework.security.web.servletapi.SecurityContextHolderAwareRequestFilter@dbebe91, org.springframework.security.web.authentication.AnonymousAuthenticationFilter@66146980, org.springframework.security.web.session.SessionManagementFilter@36e0f590, org.springframework.security.web.access.ExceptionTranslationFilter@6f36909a, org.springframework.security.web.access.intercept.AuthorizationFilter@77a76ec0]
2024-04-01 22:25:07.729 [restartedMain] INFO  o.s.b.d.autoconfigure.OptionalLiveReloadServer - LiveReload server is running on port 35729
2024-04-01 22:25:07.801 [restartedMain] INFO  org.apache.coyote.http11.Http11NioProtocol - Starting ProtocolHandler ["http-nio-8080"]
2024-04-01 22:25:07.814 [restartedMain] INFO  o.s.boot.web.embedded.tomcat.TomcatWebServer - Tomcat started on port 8080 (http) with context path '/api'
2024-04-01 22:25:07.820 [restartedMain] INFO  c.phoenixhell.authbackend.AuthBackendApplication - Started AuthBackendApplication in 1.993 seconds (process running for 2.469)
2024-04-01 22:25:08.464 [http-nio-8080-exec-1] INFO  o.a.c.c.ContainerBase.[Tomcat].[localhost].[/api] - Initializing Spring DispatcherServlet 'dispatcherServlet'
2024-04-01 22:25:08.464 [http-nio-8080-exec-1] INFO  org.springframework.web.servlet.DispatcherServlet - Initializing Servlet 'dispatcherServlet'
2024-04-01 22:25:08.465 [http-nio-8080-exec-1] INFO  org.springframework.web.servlet.DispatcherServlet - Completed initialization in 1 ms
2024-04-01 22:29:34.491 [background-preinit] INFO  org.hibernate.validator.internal.util.Version - HV000001: Hibernate Validator 8.0.1.Final
2024-04-01 22:29:34.511 [restartedMain] INFO  c.phoenixhell.authbackend.AuthBackendApplication - Starting AuthBackendApplication using Java 19.0.1 with PID 14164 (D:\code\auth-backend\target\classes started by phoen in D:\code\auth-backend)
2024-04-01 22:29:34.512 [restartedMain] INFO  c.phoenixhell.authbackend.AuthBackendApplication - The following 1 profile is active: "dev"
2024-04-01 22:29:34.542 [restartedMain] INFO  o.s.b.d.env.DevToolsPropertyDefaultsPostProcessor - Devtools property defaults active! Set 'spring.devtools.add-properties' to 'false' to disable
2024-04-01 22:29:34.542 [restartedMain] INFO  o.s.b.d.env.DevToolsPropertyDefaultsPostProcessor - For additional web related logging consider setting the 'logging.level.web' property to 'DEBUG'
2024-04-01 22:29:35.015 [restartedMain] INFO  o.s.d.r.config.RepositoryConfigurationDelegate - Multiple Spring Data modules found, entering strict repository configuration mode
2024-04-01 22:29:35.017 [restartedMain] INFO  o.s.d.r.config.RepositoryConfigurationDelegate - Bootstrapping Spring Data Redis repositories in DEFAULT mode.
2024-04-01 22:29:35.038 [restartedMain] INFO  o.s.d.r.config.RepositoryConfigurationDelegate - Finished Spring Data repository scanning in 11 ms. Found 0 Redis repository interfaces.
2024-04-01 22:29:35.392 [restartedMain] INFO  o.s.boot.web.embedded.tomcat.TomcatWebServer - Tomcat initialized with port 8080 (http)
2024-04-01 22:29:35.399 [restartedMain] INFO  org.apache.coyote.http11.Http11NioProtocol - Initializing ProtocolHandler ["http-nio-8080"]
2024-04-01 22:29:35.400 [restartedMain] INFO  org.apache.catalina.core.StandardService - Starting service [Tomcat]
2024-04-01 22:29:35.401 [restartedMain] INFO  org.apache.catalina.core.StandardEngine - Starting Servlet engine: [Apache Tomcat/10.1.19]
2024-04-01 22:29:35.436 [restartedMain] INFO  o.a.c.c.ContainerBase.[Tomcat].[localhost].[/api] - Initializing Spring embedded WebApplicationContext
2024-04-01 22:29:35.437 [restartedMain] INFO  o.s.b.w.s.c.ServletWebServerApplicationContext - Root WebApplicationContext: initialization completed in 894 ms
2024-04-01 22:29:35.950 [restartedMain] INFO  o.s.security.web.DefaultSecurityFilterChain - Will secure any request with [org.springframework.security.web.session.DisableEncodeUrlFilter@56b1e6d3, org.springframework.security.web.context.request.async.WebAsyncManagerIntegrationFilter@749a4d43, org.springframework.security.web.context.SecurityContextHolderFilter@3f3d9e91, org.springframework.security.web.header.HeaderWriterFilter@39542281, org.springframework.security.web.authentication.logout.LogoutFilter@120831af, org.springframework.security.web.savedrequest.RequestCacheAwareFilter@1ab41b16, org.springframework.security.web.servletapi.SecurityContextHolderAwareRequestFilter@4025cd4d, org.springframework.security.web.authentication.AnonymousAuthenticationFilter@16afce7a, org.springframework.security.web.session.SessionManagementFilter@53b20137, org.springframework.security.web.access.ExceptionTranslationFilter@1935adf5, org.springframework.security.web.access.intercept.AuthorizationFilter@520c8a63]
2024-04-01 22:29:36.125 [restartedMain] INFO  o.s.b.d.autoconfigure.OptionalLiveReloadServer - LiveReload server is running on port 35729
2024-04-01 22:29:36.182 [restartedMain] INFO  org.apache.coyote.http11.Http11NioProtocol - Starting ProtocolHandler ["http-nio-8080"]
2024-04-01 22:29:36.193 [restartedMain] INFO  o.s.boot.web.embedded.tomcat.TomcatWebServer - Tomcat started on port 8080 (http) with context path '/api'
2024-04-01 22:29:36.200 [restartedMain] INFO  c.phoenixhell.authbackend.AuthBackendApplication - Started AuthBackendApplication in 2.045 seconds (process running for 2.542)
2024-04-01 22:29:38.764 [http-nio-8080-exec-1] INFO  o.a.c.c.ContainerBase.[Tomcat].[localhost].[/api] - Initializing Spring DispatcherServlet 'dispatcherServlet'
2024-04-01 22:29:38.764 [http-nio-8080-exec-1] INFO  org.springframework.web.servlet.DispatcherServlet - Initializing Servlet 'dispatcherServlet'
2024-04-01 22:29:38.765 [http-nio-8080-exec-1] INFO  org.springframework.web.servlet.DispatcherServlet - Completed initialization in 1 ms
2024-04-01 22:29:47.682 [http-nio-8080-exec-5] INFO  com.zaxxer.hikari.HikariDataSource - HikariPool-1 - Starting...
2024-04-01 22:29:47.913 [http-nio-8080-exec-5] INFO  com.zaxxer.hikari.pool.HikariPool - HikariPool-1 - Added connection com.mysql.cj.jdbc.ConnectionImpl@39ea48db
2024-04-01 22:29:47.915 [http-nio-8080-exec-5] INFO  com.zaxxer.hikari.HikariDataSource - HikariPool-1 - Start completed.
2024-04-01 22:43:00.357 [SpringApplicationShutdownHook] INFO  com.zaxxer.hikari.HikariDataSource - HikariPool-1 - Shutdown initiated...
2024-04-01 22:43:00.361 [SpringApplicationShutdownHook] INFO  com.zaxxer.hikari.HikariDataSource - HikariPool-1 - Shutdown completed.
2024-04-01 22:43:04.091 [background-preinit] INFO  org.hibernate.validator.internal.util.Version - HV000001: Hibernate Validator 8.0.1.Final
2024-04-01 22:43:04.111 [restartedMain] INFO  c.phoenixhell.authbackend.AuthBackendApplication - Starting AuthBackendApplication using Java 19.0.1 with PID 20808 (D:\code\auth-backend\target\classes started by phoen in D:\code\auth-backend)
2024-04-01 22:43:04.111 [restartedMain] INFO  c.phoenixhell.authbackend.AuthBackendApplication - The following 1 profile is active: "dev"
2024-04-01 22:43:04.141 [restartedMain] INFO  o.s.b.d.env.DevToolsPropertyDefaultsPostProcessor - Devtools property defaults active! Set 'spring.devtools.add-properties' to 'false' to disable
2024-04-01 22:43:04.141 [restartedMain] INFO  o.s.b.d.env.DevToolsPropertyDefaultsPostProcessor - For additional web related logging consider setting the 'logging.level.web' property to 'DEBUG'
2024-04-01 22:43:04.597 [restartedMain] INFO  o.s.d.r.config.RepositoryConfigurationDelegate - Multiple Spring Data modules found, entering strict repository configuration mode
2024-04-01 22:43:04.599 [restartedMain] INFO  o.s.d.r.config.RepositoryConfigurationDelegate - Bootstrapping Spring Data Redis repositories in DEFAULT mode.
2024-04-01 22:43:04.621 [restartedMain] INFO  o.s.d.r.config.RepositoryConfigurationDelegate - Finished Spring Data repository scanning in 10 ms. Found 0 Redis repository interfaces.
2024-04-01 22:43:04.941 [restartedMain] INFO  o.s.boot.web.embedded.tomcat.TomcatWebServer - Tomcat initialized with port 8080 (http)
2024-04-01 22:43:04.947 [restartedMain] INFO  org.apache.coyote.http11.Http11NioProtocol - Initializing ProtocolHandler ["http-nio-8080"]
2024-04-01 22:43:04.948 [restartedMain] INFO  org.apache.catalina.core.StandardService - Starting service [Tomcat]
2024-04-01 22:43:04.948 [restartedMain] INFO  org.apache.catalina.core.StandardEngine - Starting Servlet engine: [Apache Tomcat/10.1.19]
2024-04-01 22:43:04.978 [restartedMain] INFO  o.a.c.c.ContainerBase.[Tomcat].[localhost].[/api] - Initializing Spring embedded WebApplicationContext
2024-04-01 22:43:04.978 [restartedMain] INFO  o.s.b.w.s.c.ServletWebServerApplicationContext - Root WebApplicationContext: initialization completed in 837 ms
2024-04-01 22:43:05.454 [restartedMain] INFO  o.s.security.web.DefaultSecurityFilterChain - Will secure any request with [org.springframework.security.web.session.DisableEncodeUrlFilter@60d5137a, org.springframework.security.web.context.request.async.WebAsyncManagerIntegrationFilter@662789cb, org.springframework.security.web.context.SecurityContextHolderFilter@315e5649, org.springframework.security.web.header.HeaderWriterFilter@54c751ea, org.springframework.security.web.authentication.logout.LogoutFilter@29d96f32, org.springframework.security.web.savedrequest.RequestCacheAwareFilter@53b20137, org.springframework.security.web.servletapi.SecurityContextHolderAwareRequestFilter@6150e8ee, org.springframework.security.web.authentication.AnonymousAuthenticationFilter@504e48fe, org.springframework.security.web.session.SessionManagementFilter@3b1157a3, org.springframework.security.web.access.ExceptionTranslationFilter@35cc490c, org.springframework.security.web.access.intercept.AuthorizationFilter@1ffed301]
2024-04-01 22:43:05.606 [restartedMain] INFO  o.s.b.d.autoconfigure.OptionalLiveReloadServer - LiveReload server is running on port 35729
2024-04-01 22:43:05.662 [restartedMain] INFO  org.apache.coyote.http11.Http11NioProtocol - Starting ProtocolHandler ["http-nio-8080"]
2024-04-01 22:43:05.674 [restartedMain] INFO  o.s.boot.web.embedded.tomcat.TomcatWebServer - Tomcat started on port 8080 (http) with context path '/api'
2024-04-01 22:43:05.681 [restartedMain] INFO  c.phoenixhell.authbackend.AuthBackendApplication - Started AuthBackendApplication in 1.922 seconds (process running for 2.407)
2024-04-01 22:43:08.131 [http-nio-8080-exec-1] INFO  o.a.c.c.ContainerBase.[Tomcat].[localhost].[/api] - Initializing Spring DispatcherServlet 'dispatcherServlet'
2024-04-01 22:43:08.132 [http-nio-8080-exec-1] INFO  org.springframework.web.servlet.DispatcherServlet - Initializing Servlet 'dispatcherServlet'
2024-04-01 22:43:08.133 [http-nio-8080-exec-1] INFO  org.springframework.web.servlet.DispatcherServlet - Completed initialization in 0 ms
2024-04-01 22:43:08.287 [http-nio-8080-exec-1] INFO  com.zaxxer.hikari.HikariDataSource - HikariPool-1 - Starting...
2024-04-01 22:43:08.448 [http-nio-8080-exec-1] INFO  com.zaxxer.hikari.pool.HikariPool - HikariPool-1 - Added connection com.mysql.cj.jdbc.ConnectionImpl@78f0937d
2024-04-01 22:43:08.449 [http-nio-8080-exec-1] INFO  com.zaxxer.hikari.HikariDataSource - HikariPool-1 - Start completed.
2024-04-01 22:49:29.129 [SpringApplicationShutdownHook] INFO  com.zaxxer.hikari.HikariDataSource - HikariPool-1 - Shutdown initiated...
2024-04-01 22:49:29.133 [SpringApplicationShutdownHook] INFO  com.zaxxer.hikari.HikariDataSource - HikariPool-1 - Shutdown completed.
2024-04-01 22:49:33.877 [background-preinit] INFO  org.hibernate.validator.internal.util.Version - HV000001: Hibernate Validator 8.0.1.Final
2024-04-01 22:49:33.898 [restartedMain] INFO  c.phoenixhell.authbackend.AuthBackendApplication - Starting AuthBackendApplication using Java 19.0.1 with PID 13556 (D:\code\auth-backend\target\classes started by phoen in D:\code\auth-backend)
2024-04-01 22:49:33.899 [restartedMain] INFO  c.phoenixhell.authbackend.AuthBackendApplication - The following 1 profile is active: "dev"
2024-04-01 22:49:33.928 [restartedMain] INFO  o.s.b.d.env.DevToolsPropertyDefaultsPostProcessor - Devtools property defaults active! Set 'spring.devtools.add-properties' to 'false' to disable
2024-04-01 22:49:33.929 [restartedMain] INFO  o.s.b.d.env.DevToolsPropertyDefaultsPostProcessor - For additional web related logging consider setting the 'logging.level.web' property to 'DEBUG'
2024-04-01 22:49:34.428 [restartedMain] INFO  o.s.d.r.config.RepositoryConfigurationDelegate - Multiple Spring Data modules found, entering strict repository configuration mode
2024-04-01 22:49:34.429 [restartedMain] INFO  o.s.d.r.config.RepositoryConfigurationDelegate - Bootstrapping Spring Data Redis repositories in DEFAULT mode.
2024-04-01 22:49:34.453 [restartedMain] INFO  o.s.d.r.config.RepositoryConfigurationDelegate - Finished Spring Data repository scanning in 12 ms. Found 0 Redis repository interfaces.
2024-04-01 22:49:34.819 [restartedMain] INFO  o.s.boot.web.embedded.tomcat.TomcatWebServer - Tomcat initialized with port 8080 (http)
2024-04-01 22:49:34.825 [restartedMain] INFO  org.apache.coyote.http11.Http11NioProtocol - Initializing ProtocolHandler ["http-nio-8080"]
2024-04-01 22:49:34.826 [restartedMain] INFO  org.apache.catalina.core.StandardService - Starting service [Tomcat]
2024-04-01 22:49:34.826 [restartedMain] INFO  org.apache.catalina.core.StandardEngine - Starting Servlet engine: [Apache Tomcat/10.1.19]
2024-04-01 22:49:34.860 [restartedMain] INFO  o.a.c.c.ContainerBase.[Tomcat].[localhost].[/api] - Initializing Spring embedded WebApplicationContext
2024-04-01 22:49:34.860 [restartedMain] INFO  o.s.b.w.s.c.ServletWebServerApplicationContext - Root WebApplicationContext: initialization completed in 931 ms
2024-04-01 22:49:38.684 [restartedMain] INFO  o.s.security.web.DefaultSecurityFilterChain - Will secure any request with [org.springframework.security.web.session.DisableEncodeUrlFilter@3efe0cce, org.springframework.security.web.context.request.async.WebAsyncManagerIntegrationFilter@f981211, org.springframework.security.web.context.SecurityContextHolderFilter@2a460d2c, org.springframework.security.web.header.HeaderWriterFilter@c34911e, org.springframework.security.web.authentication.logout.LogoutFilter@54751cf, org.springframework.security.web.savedrequest.RequestCacheAwareFilter@2a67f06e, org.springframework.security.web.servletapi.SecurityContextHolderAwareRequestFilter@612e81be, org.springframework.security.web.authentication.AnonymousAuthenticationFilter@117aa71e, org.springframework.security.web.session.SessionManagementFilter@336247ae, org.springframework.security.web.access.ExceptionTranslationFilter@317b5478, org.springframework.security.web.access.intercept.AuthorizationFilter@128a7397]
2024-04-01 22:49:38.852 [restartedMain] INFO  o.s.b.d.autoconfigure.OptionalLiveReloadServer - LiveReload server is running on port 35729
2024-04-01 22:49:38.913 [restartedMain] INFO  org.apache.coyote.http11.Http11NioProtocol - Starting ProtocolHandler ["http-nio-8080"]
2024-04-01 22:49:38.925 [restartedMain] INFO  o.s.boot.web.embedded.tomcat.TomcatWebServer - Tomcat started on port 8080 (http) with context path '/api'
2024-04-01 22:49:38.933 [restartedMain] INFO  c.phoenixhell.authbackend.AuthBackendApplication - Started AuthBackendApplication in 5.422 seconds (process running for 6.017)
2024-04-01 22:49:41.140 [http-nio-8080-exec-2] INFO  o.a.c.c.ContainerBase.[Tomcat].[localhost].[/api] - Initializing Spring DispatcherServlet 'dispatcherServlet'
2024-04-01 22:49:41.140 [http-nio-8080-exec-2] INFO  org.springframework.web.servlet.DispatcherServlet - Initializing Servlet 'dispatcherServlet'
2024-04-01 22:49:41.141 [http-nio-8080-exec-2] INFO  org.springframework.web.servlet.DispatcherServlet - Completed initialization in 1 ms
2024-04-01 22:49:43.447 [http-nio-8080-exec-2] INFO  com.zaxxer.hikari.HikariDataSource - HikariPool-1 - Starting...
2024-04-01 22:49:43.629 [http-nio-8080-exec-2] INFO  com.zaxxer.hikari.pool.HikariPool - HikariPool-1 - Added connection com.mysql.cj.jdbc.ConnectionImpl@7f75a0ad
2024-04-01 22:49:43.630 [http-nio-8080-exec-2] INFO  com.zaxxer.hikari.HikariDataSource - HikariPool-1 - Start completed.
2024-04-01 22:54:39.695 [SpringApplicationShutdownHook] INFO  com.zaxxer.hikari.HikariDataSource - HikariPool-1 - Shutdown initiated...
2024-04-01 22:54:39.699 [SpringApplicationShutdownHook] INFO  com.zaxxer.hikari.HikariDataSource - HikariPool-1 - Shutdown completed.
2024-04-01 22:54:44.362 [background-preinit] INFO  org.hibernate.validator.internal.util.Version - HV000001: Hibernate Validator 8.0.1.Final
2024-04-01 22:54:44.382 [restartedMain] INFO  c.phoenixhell.authbackend.AuthBackendApplication - Starting AuthBackendApplication using Java 19.0.1 with PID 14424 (D:\code\auth-backend\target\classes started by phoen in D:\code\auth-backend)
2024-04-01 22:54:44.383 [restartedMain] INFO  c.phoenixhell.authbackend.AuthBackendApplication - The following 1 profile is active: "dev"
2024-04-01 22:54:44.414 [restartedMain] INFO  o.s.b.d.env.DevToolsPropertyDefaultsPostProcessor - Devtools property defaults active! Set 'spring.devtools.add-properties' to 'false' to disable
2024-04-01 22:54:44.414 [restartedMain] INFO  o.s.b.d.env.DevToolsPropertyDefaultsPostProcessor - For additional web related logging consider setting the 'logging.level.web' property to 'DEBUG'
2024-04-01 22:54:44.940 [restartedMain] INFO  o.s.d.r.config.RepositoryConfigurationDelegate - Multiple Spring Data modules found, entering strict repository configuration mode
2024-04-01 22:54:44.942 [restartedMain] INFO  o.s.d.r.config.RepositoryConfigurationDelegate - Bootstrapping Spring Data Redis repositories in DEFAULT mode.
2024-04-01 22:54:44.966 [restartedMain] INFO  o.s.d.r.config.RepositoryConfigurationDelegate - Finished Spring Data repository scanning in 13 ms. Found 0 Redis repository interfaces.
2024-04-01 22:54:45.336 [restartedMain] INFO  o.s.boot.web.embedded.tomcat.TomcatWebServer - Tomcat initialized with port 8080 (http)
2024-04-01 22:54:45.343 [restartedMain] INFO  org.apache.coyote.http11.Http11NioProtocol - Initializing ProtocolHandler ["http-nio-8080"]
2024-04-01 22:54:45.344 [restartedMain] INFO  org.apache.catalina.core.StandardService - Starting service [Tomcat]
2024-04-01 22:54:45.345 [restartedMain] INFO  org.apache.catalina.core.StandardEngine - Starting Servlet engine: [Apache Tomcat/10.1.19]
2024-04-01 22:54:45.376 [restartedMain] INFO  o.a.c.c.ContainerBase.[Tomcat].[localhost].[/api] - Initializing Spring embedded WebApplicationContext
2024-04-01 22:54:45.377 [restartedMain] INFO  o.s.b.w.s.c.ServletWebServerApplicationContext - Root WebApplicationContext: initialization completed in 962 ms
2024-04-01 22:54:50.561 [restartedMain] INFO  o.s.security.web.DefaultSecurityFilterChain - Will secure any request with [org.springframework.security.web.session.DisableEncodeUrlFilter@3909e8a5, org.springframework.security.web.context.request.async.WebAsyncManagerIntegrationFilter@6c1f4b49, org.springframework.security.web.context.SecurityContextHolderFilter@7db816cf, org.springframework.security.web.header.HeaderWriterFilter@4231367a, org.springframework.security.web.authentication.logout.LogoutFilter@18b3acbe, org.springframework.security.web.savedrequest.RequestCacheAwareFilter@53393e9a, org.springframework.security.web.servletapi.SecurityContextHolderAwareRequestFilter@2847e160, org.springframework.security.web.authentication.AnonymousAuthenticationFilter@57d24f9, org.springframework.security.web.session.SessionManagementFilter@7832efb1, org.springframework.security.web.access.ExceptionTranslationFilter@4c53decf, org.springframework.security.web.access.intercept.AuthorizationFilter@2c147c9f]
2024-04-01 22:54:50.729 [restartedMain] INFO  o.s.b.d.autoconfigure.OptionalLiveReloadServer - LiveReload server is running on port 35729
2024-04-01 22:54:50.789 [restartedMain] INFO  org.apache.coyote.http11.Http11NioProtocol - Starting ProtocolHandler ["http-nio-8080"]
2024-04-01 22:54:50.802 [restartedMain] INFO  o.s.boot.web.embedded.tomcat.TomcatWebServer - Tomcat started on port 8080 (http) with context path '/api'
2024-04-01 22:54:50.809 [restartedMain] INFO  c.phoenixhell.authbackend.AuthBackendApplication - Started AuthBackendApplication in 6.814 seconds (process running for 7.398)
2024-04-01 22:54:56.767 [http-nio-8080-exec-2] INFO  o.a.c.c.ContainerBase.[Tomcat].[localhost].[/api] - Initializing Spring DispatcherServlet 'dispatcherServlet'
2024-04-01 22:54:56.767 [http-nio-8080-exec-2] INFO  org.springframework.web.servlet.DispatcherServlet - Initializing Servlet 'dispatcherServlet'
2024-04-01 22:54:56.768 [http-nio-8080-exec-2] INFO  org.springframework.web.servlet.DispatcherServlet - Completed initialization in 1 ms
2024-04-01 22:55:01.702 [http-nio-8080-exec-2] INFO  com.zaxxer.hikari.HikariDataSource - HikariPool-1 - Starting...
2024-04-01 22:55:01.887 [http-nio-8080-exec-2] INFO  com.zaxxer.hikari.pool.HikariPool - HikariPool-1 - Added connection com.mysql.cj.jdbc.ConnectionImpl@b43942f
2024-04-01 22:55:01.888 [http-nio-8080-exec-2] INFO  com.zaxxer.hikari.HikariDataSource - HikariPool-1 - Start completed.
2024-04-01 23:00:04.313 [SpringApplicationShutdownHook] INFO  com.zaxxer.hikari.HikariDataSource - HikariPool-1 - Shutdown initiated...
2024-04-01 23:00:04.318 [SpringApplicationShutdownHook] INFO  com.zaxxer.hikari.HikariDataSource - HikariPool-1 - Shutdown completed.
