2024-03-30 13:51:32.439 [restartedMain] DEBUG c.p.authbackend.mapper.UserMapper.selectByExample - ==>  Preparing: select user_id, username, nick_name, gender, phone, email, avatar, password, roles, enabled, created_by, updated_by, pwd_reset_time, created_time, updated_time from sys_user WHERE ( username = ? ) or( email is not null )
2024-03-30 13:51:32.454 [restartedMain] DEBUG c.p.authbackend.mapper.UserMapper.selectByExample - ==> Parameters: admin(String)
2024-03-30 13:51:32.466 [restartedMain] DEBUG c.p.authbackend.mapper.UserMapper.selectByExample - <==      Total: 2
2024-03-30 13:52:16.337 [restartedMain] DEBUG c.p.authbackend.mapper.UserMapper.selectByExample - ==>  Preparing: select user_id, username, nick_name, gender, phone, email, avatar, password, roles, enabled, created_by, updated_by, pwd_reset_time, created_time, updated_time from sys_user WHERE ( username = ? ) or( email is not null )
2024-03-30 13:52:16.351 [restartedMain] DEBUG c.p.authbackend.mapper.UserMapper.selectByExample - ==> Parameters: admin(String)
2024-03-30 13:52:16.362 [restartedMain] DEBUG c.p.authbackend.mapper.UserMapper.selectByExample - <==      Total: 2
2024-03-30 15:30:30.934 [http-nio-8080-exec-5] DEBUG c.p.authbackend.mapper.UserMapper.selectByExample - ==>  Preparing: select user_id, username, nick_name, gender, phone, email, avatar, password, roles, enabled, created_by, updated_by, pwd_reset_time, created_time, updated_time from sys_user WHERE ( username = ? )
2024-03-30 15:30:30.950 [http-nio-8080-exec-5] DEBUG c.p.authbackend.mapper.UserMapper.selectByExample - ==> Parameters: username(String)
2024-03-30 15:30:30.964 [http-nio-8080-exec-5] DEBUG c.p.authbackend.mapper.UserMapper.selectByExample - <==      Total: 0
2024-03-30 15:34:04.643 [http-nio-8080-exec-1] DEBUG c.p.authbackend.mapper.UserMapper.selectByExample - ==>  Preparing: select user_id, username, nick_name, gender, phone, email, avatar, password, roles, enabled, created_by, updated_by, pwd_reset_time, created_time, updated_time from sys_user WHERE ( username = ? )
2024-03-30 15:34:04.644 [http-nio-8080-exec-1] DEBUG c.p.authbackend.mapper.UserMapper.selectByExample - ==> Parameters: username(String)
2024-03-30 15:34:04.646 [http-nio-8080-exec-1] DEBUG c.p.authbackend.mapper.UserMapper.selectByExample - <==      Total: 0
2024-03-30 15:34:09.490 [http-nio-8080-exec-5] DEBUG c.p.authbackend.mapper.UserMapper.selectByExample - ==>  Preparing: select user_id, username, nick_name, gender, phone, email, avatar, password, roles, enabled, created_by, updated_by, pwd_reset_time, created_time, updated_time from sys_user WHERE ( username = ? )
2024-03-30 15:34:09.490 [http-nio-8080-exec-5] DEBUG c.p.authbackend.mapper.UserMapper.selectByExample - ==> Parameters: username(String)
2024-03-30 15:34:09.491 [http-nio-8080-exec-5] DEBUG c.p.authbackend.mapper.UserMapper.selectByExample - <==      Total: 0
2024-03-30 15:35:23.554 [http-nio-8080-exec-1] DEBUG c.p.authbackend.mapper.UserMapper.selectByExample - ==>  Preparing: select user_id, username, nick_name, gender, phone, email, avatar, password, roles, enabled, created_by, updated_by, pwd_reset_time, created_time, updated_time from sys_user WHERE ( username = ? )
2024-03-30 15:35:23.555 [http-nio-8080-exec-1] DEBUG c.p.authbackend.mapper.UserMapper.selectByExample - ==> Parameters: username(String)
2024-03-30 15:35:23.556 [http-nio-8080-exec-1] DEBUG c.p.authbackend.mapper.UserMapper.selectByExample - <==      Total: 0
2024-03-30 15:35:42.180 [http-nio-8080-exec-1] DEBUG c.p.authbackend.mapper.UserMapper.selectByExample - ==>  Preparing: select user_id, username, nick_name, gender, phone, email, avatar, password, roles, enabled, created_by, updated_by, pwd_reset_time, created_time, updated_time from sys_user WHERE ( username = ? )
2024-03-30 15:35:42.194 [http-nio-8080-exec-1] DEBUG c.p.authbackend.mapper.UserMapper.selectByExample - ==> Parameters: admin(String)
2024-03-30 15:35:42.206 [http-nio-8080-exec-1] DEBUG c.p.authbackend.mapper.UserMapper.selectByExample - <==      Total: 1
2024-03-30 15:49:58.170 [http-nio-8080-exec-5] DEBUG c.p.authbackend.mapper.UserMapper.selectByExample - ==>  Preparing: select user_id, username, nick_name, gender, phone, email, avatar, password, roles, enabled, created_by, updated_by, pwd_reset_time, created_time, updated_time from sys_user WHERE ( username = ? )
2024-03-30 15:49:58.185 [http-nio-8080-exec-5] DEBUG c.p.authbackend.mapper.UserMapper.selectByExample - ==> Parameters: admin(String)
2024-03-30 15:49:58.197 [http-nio-8080-exec-5] DEBUG c.p.authbackend.mapper.UserMapper.selectByExample - <==      Total: 1
2024-03-30 15:50:12.060 [http-nio-8080-exec-9] DEBUG c.p.authbackend.mapper.UserMapper.selectByExample - ==>  Preparing: select user_id, username, nick_name, gender, phone, email, avatar, password, roles, enabled, created_by, updated_by, pwd_reset_time, created_time, updated_time from sys_user WHERE ( username = ? )
2024-03-30 15:50:12.061 [http-nio-8080-exec-9] DEBUG c.p.authbackend.mapper.UserMapper.selectByExample - ==> Parameters: admin(String)
2024-03-30 15:50:12.063 [http-nio-8080-exec-9] DEBUG c.p.authbackend.mapper.UserMapper.selectByExample - <==      Total: 1
2024-03-30 16:08:43.115 [http-nio-8080-exec-4] DEBUG c.p.authbackend.mapper.UserMapper.selectByExample - ==>  Preparing: select user_id, username, nick_name, gender, phone, email, avatar, password, roles, enabled, created_by, updated_by, pwd_reset_time, created_time, updated_time from sys_user WHERE ( username = ? )
2024-03-30 16:08:43.116 [http-nio-8080-exec-4] DEBUG c.p.authbackend.mapper.UserMapper.selectByExample - ==> Parameters: asd(String)
2024-03-30 16:08:43.116 [http-nio-8080-exec-4] DEBUG c.p.authbackend.mapper.UserMapper.selectByExample - <==      Total: 0
2024-03-30 16:11:14.282 [http-nio-8080-exec-2] DEBUG c.p.authbackend.mapper.UserMapper.selectByExample - ==>  Preparing: select user_id, username, nick_name, gender, phone, email, avatar, password, roles, enabled, created_by, updated_by, pwd_reset_time, created_time, updated_time from sys_user WHERE ( username = ? )
2024-03-30 16:11:14.295 [http-nio-8080-exec-2] DEBUG c.p.authbackend.mapper.UserMapper.selectByExample - ==> Parameters: xasd a(String)
2024-03-30 16:11:14.306 [http-nio-8080-exec-2] DEBUG c.p.authbackend.mapper.UserMapper.selectByExample - <==      Total: 0
